{"C:\\Users\\Han\\Desktop\\MathSphere\\client\\src\\App.jsx": {"path":"C:\\Users\\Han\\Desktop\\MathSphere\\client\\src\\App.jsx","statementMap":{"0":{"start":{"line":29,"column":27},"end":{"line":29,"column":87}},"1":{"start":{"line":29,"column":44},"end":{"line":29,"column":86}},"2":{"start":{"line":30,"column":28},"end":{"line":30,"column":89}},"3":{"start":{"line":30,"column":45},"end":{"line":30,"column":88}},"4":{"start":{"line":31,"column":28},"end":{"line":31,"column":89}},"5":{"start":{"line":31,"column":45},"end":{"line":31,"column":88}},"6":{"start":{"line":32,"column":26},"end":{"line":32,"column":85}},"7":{"start":{"line":32,"column":43},"end":{"line":32,"column":84}},"8":{"start":{"line":33,"column":30},"end":{"line":33,"column":93}},"9":{"start":{"line":33,"column":47},"end":{"line":33,"column":92}},"10":{"start":{"line":36,"column":30},"end":{"line":42,"column":1}},"11":{"start":{"line":37,"column":2},"end":{"line":41,"column":18}},"12":{"start":{"line":44,"column":12},"end":{"line":167,"column":1}},"13":{"start":{"line":45,"column":2},"end":{"line":166,"column":4}},"14":{"start":{"line":60,"column":46},"end":{"line":60,"column":78}}},"fnMap":{"0":{"name":"(anonymous_0)","decl":{"start":{"line":29,"column":38},"end":{"line":29,"column":39}},"loc":{"start":{"line":29,"column":44},"end":{"line":29,"column":86}},"line":29},"1":{"name":"(anonymous_1)","decl":{"start":{"line":30,"column":39},"end":{"line":30,"column":40}},"loc":{"start":{"line":30,"column":45},"end":{"line":30,"column":88}},"line":30},"2":{"name":"(anonymous_2)","decl":{"start":{"line":31,"column":39},"end":{"line":31,"column":40}},"loc":{"start":{"line":31,"column":45},"end":{"line":31,"column":88}},"line":31},"3":{"name":"(anonymous_3)","decl":{"start":{"line":32,"column":37},"end":{"line":32,"column":38}},"loc":{"start":{"line":32,"column":43},"end":{"line":32,"column":84}},"line":32},"4":{"name":"(anonymous_4)","decl":{"start":{"line":33,"column":41},"end":{"line":33,"column":42}},"loc":{"start":{"line":33,"column":47},"end":{"line":33,"column":92}},"line":33},"5":{"name":"(anonymous_5)","decl":{"start":{"line":36,"column":30},"end":{"line":36,"column":31}},"loc":{"start":{"line":37,"column":2},"end":{"line":41,"column":18}},"line":37},"6":{"name":"(anonymous_6)","decl":{"start":{"line":44,"column":12},"end":{"line":44,"column":13}},"loc":{"start":{"line":44,"column":18},"end":{"line":167,"column":1}},"line":44},"7":{"name":"(anonymous_7)","decl":{"start":{"line":60,"column":35},"end":{"line":60,"column":36}},"loc":{"start":{"line":60,"column":46},"end":{"line":60,"column":78}},"line":60}},"branchMap":{},"s":{"0":0,"1":0,"2":0,"3":0,"4":0,"5":0,"6":0,"7":0,"8":0,"9":0,"10":0,"11":0,"12":0,"13":0,"14":0},"f":{"0":0,"1":0,"2":0,"3":0,"4":0,"5":0,"6":0,"7":0},"b":{},"hash":"c75b05d0cd6efec505ad0630fa5e038b86422683"}
,"C:\\Users\\Han\\Desktop\\MathSphere\\client\\src\\index.js": {"path":"C:\\Users\\Han\\Desktop\\MathSphere\\client\\src\\index.js","statementMap":{"0":{"start":{"line":8,"column":13},"end":{"line":8,"column":65}},"1":{"start":{"line":9,"column":0},"end":{"line":15,"column":2}},"2":{"start":{"line":20,"column":0},"end":{"line":20,"column":18}}},"fnMap":{},"branchMap":{},"s":{"0":0,"1":0,"2":0},"f":{},"b":{},"hash":"3ce27ff31ba578fa37284d8ffe7a8822b394717d"}
,"C:\\Users\\Han\\Desktop\\MathSphere\\client\\src\\main.jsx": {"path":"C:\\Users\\Han\\Desktop\\MathSphere\\client\\src\\main.jsx","statementMap":{"0":{"start":{"line":9,"column":0},"end":{"line":17,"column":2}}},"fnMap":{},"branchMap":{},"s":{"0":0},"f":{},"b":{},"hash":"4ad9a1b8b22ed048c1dd80db9978a4eeb85327f0"}
,"C:\\Users\\Han\\Desktop\\MathSphere\\client\\src\\reportWebVitals.js": {"path":"C:\\Users\\Han\\Desktop\\MathSphere\\client\\src\\reportWebVitals.js","statementMap":{"0":{"start":{"line":1,"column":24},"end":{"line":11,"column":1}},"1":{"start":{"line":2,"column":2},"end":{"line":10,"column":3}},"2":{"start":{"line":3,"column":4},"end":{"line":9,"column":7}},"3":{"start":{"line":4,"column":6},"end":{"line":4,"column":26}},"4":{"start":{"line":5,"column":6},"end":{"line":5,"column":26}},"5":{"start":{"line":6,"column":6},"end":{"line":6,"column":26}},"6":{"start":{"line":7,"column":6},"end":{"line":7,"column":26}},"7":{"start":{"line":8,"column":6},"end":{"line":8,"column":27}}},"fnMap":{"0":{"name":"(anonymous_0)","decl":{"start":{"line":1,"column":24},"end":{"line":1,"column":25}},"loc":{"start":{"line":1,"column":41},"end":{"line":11,"column":1}},"line":1},"1":{"name":"(anonymous_1)","decl":{"start":{"line":3,"column":30},"end":{"line":3,"column":31}},"loc":{"start":{"line":3,"column":79},"end":{"line":9,"column":5}},"line":3}},"branchMap":{"0":{"loc":{"start":{"line":2,"column":2},"end":{"line":10,"column":3}},"type":"if","locations":[{"start":{"line":2,"column":2},"end":{"line":10,"column":3}},{"start":{"line":2,"column":2},"end":{"line":10,"column":3}}],"line":2},"1":{"loc":{"start":{"line":2,"column":6},"end":{"line":2,"column":52}},"type":"binary-expr","locations":[{"start":{"line":2,"column":6},"end":{"line":2,"column":17}},{"start":{"line":2,"column":21},"end":{"line":2,"column":52}}],"line":2}},"s":{"0":0,"1":0,"2":0,"3":0,"4":0,"5":0,"6":0,"7":0},"f":{"0":0,"1":0},"b":{"0":[0,0],"1":[0,0]},"hash":"9dbd39407d84a37aeb37a32e5ab70e77abda3cfa"}
,"C:\\Users\\Han\\Desktop\\MathSphere\\client\\src\\theme.js": {"path":"C:\\Users\\Han\\Desktop\\MathSphere\\client\\src\\theme.js","statementMap":{"0":{"start":{"line":3,"column":14},"end":{"line":39,"column":2}}},"fnMap":{},"branchMap":{},"s":{"0":1},"f":{},"b":{},"_coverageSchema":"43e27e138ebf9cfc5966b082cf9a028302ed4184","hash":"1f0da6c0e6fbd3c97217758c8f520f658e38a263"}
,"C:\\Users\\Han\\Desktop\\MathSphere\\client\\src\\components\\ErrorBoundary.jsx": {"path":"C:\\Users\\Han\\Desktop\\MathSphere\\client\\src\\components\\ErrorBoundary.jsx","statementMap":{"0":{"start":{"line":11,"column":4},"end":{"line":11,"column":17}},"1":{"start":{"line":12,"column":4},"end":{"line":12,"column":67}},"2":{"start":{"line":16,"column":4},"end":{"line":16,"column":37}},"3":{"start":{"line":20,"column":4},"end":{"line":20,"column":33}},"4":{"start":{"line":22,"column":4},"end":{"line":27,"column":5}},"5":{"start":{"line":24,"column":6},"end":{"line":24,"column":59}},"6":{"start":{"line":26,"column":6},"end":{"line":26,"column":60}},"7":{"start":{"line":31,"column":4},"end":{"line":84,"column":5}},"8":{"start":{"line":32,"column":6},"end":{"line":83,"column":8}},"9":{"start":{"line":52,"column":27},"end":{"line":52,"column":51}},"10":{"start":{"line":85,"column":4},"end":{"line":85,"column":31}}},"fnMap":{"0":{"name":"(anonymous_0)","decl":{"start":{"line":10,"column":2},"end":{"line":10,"column":3}},"loc":{"start":{"line":10,"column":21},"end":{"line":13,"column":3}},"line":10},"1":{"name":"(anonymous_1)","decl":{"start":{"line":15,"column":2},"end":{"line":15,"column":3}},"loc":{"start":{"line":15,"column":41},"end":{"line":17,"column":3}},"line":15},"2":{"name":"(anonymous_2)","decl":{"start":{"line":19,"column":2},"end":{"line":19,"column":3}},"loc":{"start":{"line":19,"column":38},"end":{"line":28,"column":3}},"line":19},"3":{"name":"(anonymous_3)","decl":{"start":{"line":30,"column":2},"end":{"line":30,"column":3}},"loc":{"start":{"line":30,"column":11},"end":{"line":86,"column":3}},"line":30},"4":{"name":"(anonymous_4)","decl":{"start":{"line":52,"column":21},"end":{"line":52,"column":22}},"loc":{"start":{"line":52,"column":27},"end":{"line":52,"column":51}},"line":52}},"branchMap":{"0":{"loc":{"start":{"line":22,"column":4},"end":{"line":27,"column":5}},"type":"if","locations":[{"start":{"line":22,"column":4},"end":{"line":27,"column":5}},{"start":{"line":22,"column":4},"end":{"line":27,"column":5}}],"line":22},"1":{"loc":{"start":{"line":31,"column":4},"end":{"line":84,"column":5}},"type":"if","locations":[{"start":{"line":31,"column":4},"end":{"line":84,"column":5}},{"start":{"line":31,"column":4},"end":{"line":84,"column":5}}],"line":31},"2":{"loc":{"start":{"line":57,"column":11},"end":{"line":81,"column":11}},"type":"binary-expr","locations":[{"start":{"line":57,"column":11},"end":{"line":57,"column":49}},{"start":{"line":57,"column":53},"end":{"line":57,"column":73}},{"start":{"line":58,"column":12},"end":{"line":80,"column":18}}],"line":57},"3":{"loc":{"start":{"line":77,"column":15},"end":{"line":77,"column":62}},"type":"binary-expr","locations":[{"start":{"line":77,"column":15},"end":{"line":77,"column":31}},{"start":{"line":77,"column":35},"end":{"line":77,"column":62}}],"line":77}},"s":{"0":0,"1":0,"2":0,"3":0,"4":0,"5":0,"6":0,"7":0,"8":0,"9":0,"10":0},"f":{"0":0,"1":0,"2":0,"3":0,"4":0},"b":{"0":[0,0],"1":[0,0],"2":[0,0,0],"3":[0,0]},"hash":"17dfb602f464f299c8b8a604a035be58a73bab22"}
,"C:\\Users\\Han\\Desktop\\MathSphere\\client\\src\\components\\Footer.jsx": {"path":"C:\\Users\\Han\\Desktop\\MathSphere\\client\\src\\components\\Footer.jsx","statementMap":{"0":{"start":{"line":19,"column":15},"end":{"line":138,"column":1}},"1":{"start":{"line":20,"column":16},"end":{"line":20,"column":26}},"2":{"start":{"line":21,"column":16},"end":{"line":21,"column":29}},"3":{"start":{"line":22,"column":22},"end":{"line":22,"column":46}},"4":{"start":{"line":24,"column":19},"end":{"line":49,"column":3}},"5":{"start":{"line":51,"column":22},"end":{"line":56,"column":3}},"6":{"start":{"line":58,"column":2},"end":{"line":137,"column":4}},"7":{"start":{"line":72,"column":12},"end":{"line":96,"column":19}},"8":{"start":{"line":78,"column":18},"end":{"line":93,"column":24}},"9":{"start":{"line":114,"column":14},"end":{"line":128,"column":27}}},"fnMap":{"0":{"name":"(anonymous_0)","decl":{"start":{"line":19,"column":15},"end":{"line":19,"column":16}},"loc":{"start":{"line":19,"column":21},"end":{"line":138,"column":1}},"line":19},"1":{"name":"(anonymous_1)","decl":{"start":{"line":71,"column":24},"end":{"line":71,"column":25}},"loc":{"start":{"line":72,"column":12},"end":{"line":96,"column":19}},"line":72},"2":{"name":"(anonymous_2)","decl":{"start":{"line":77,"column":35},"end":{"line":77,"column":36}},"loc":{"start":{"line":78,"column":18},"end":{"line":93,"column":24}},"line":78},"3":{"name":"(anonymous_3)","decl":{"start":{"line":113,"column":29},"end":{"line":113,"column":30}},"loc":{"start":{"line":114,"column":14},"end":{"line":128,"column":27}},"line":114}},"branchMap":{"0":{"loc":{"start":{"line":62,"column":25},"end":{"line":64,"column":35}},"type":"cond-expr","locations":[{"start":{"line":63,"column":12},"end":{"line":63,"column":35}},{"start":{"line":64,"column":12},"end":{"line":64,"column":35}}],"line":62},"1":{"loc":{"start":{"line":105,"column":14},"end":{"line":107,"column":41}},"type":"cond-expr","locations":[{"start":{"line":106,"column":18},"end":{"line":106,"column":41}},{"start":{"line":107,"column":18},"end":{"line":107,"column":41}}],"line":105}},"s":{"0":0,"1":0,"2":0,"3":0,"4":0,"5":0,"6":0,"7":0,"8":0,"9":0},"f":{"0":0,"1":0,"2":0,"3":0},"b":{"0":[0,0],"1":[0,0]},"hash":"8e51b32c45531415cb15361692e09d44d2d5fdce"}
,"C:\\Users\\Han\\Desktop\\MathSphere\\client\\src\\components\\FullScreenLoader.jsx": {"path":"C:\\Users\\Han\\Desktop\\MathSphere\\client\\src\\components\\FullScreenLoader.jsx","statementMap":{"0":{"start":{"line":11,"column":25},"end":{"line":34,"column":1}},"1":{"start":{"line":12,"column":2},"end":{"line":33,"column":4}}},"fnMap":{"0":{"name":"(anonymous_0)","decl":{"start":{"line":11,"column":25},"end":{"line":11,"column":26}},"loc":{"start":{"line":11,"column":57},"end":{"line":34,"column":1}},"line":11}},"branchMap":{"0":{"loc":{"start":{"line":11,"column":28},"end":{"line":11,"column":50}},"type":"default-arg","locations":[{"start":{"line":11,"column":38},"end":{"line":11,"column":50}}],"line":11}},"s":{"0":0,"1":0},"f":{"0":0},"b":{"0":[0]},"hash":"ae93bc3eaed3b842360a4dc73741e46ffa570e69"}
,"C:\\Users\\Han\\Desktop\\MathSphere\\client\\src\\components\\admin\\AdminUserEditModal.jsx": {"path":"C:\\Users\\Han\\Desktop\\MathSphere\\client\\src\\components\\admin\\AdminUserEditModal.jsx","statementMap":{"0":{"start":{"line":33,"column":27},"end":{"line":255,"column":1}},"1":{"start":{"line":34,"column":16},"end":{"line":34,"column":29}},"2":{"start":{"line":35,"column":32},"end":{"line":35,"column":47}},"3":{"start":{"line":36,"column":28},"end":{"line":36,"column":42}},"4":{"start":{"line":37,"column":32},"end":{"line":37,"column":47}},"5":{"start":{"line":40,"column":34},"end":{"line":44,"column":4}},"6":{"start":{"line":47,"column":2},"end":{"line":57,"column":13}},"7":{"start":{"line":48,"column":4},"end":{"line":56,"column":5}},"8":{"start":{"line":49,"column":6},"end":{"line":53,"column":9}},"9":{"start":{"line":54,"column":6},"end":{"line":54,"column":21}},"10":{"start":{"line":55,"column":6},"end":{"line":55,"column":24}},"11":{"start":{"line":60,"column":23},"end":{"line":70,"column":3}},"12":{"start":{"line":60,"column":34},"end":{"line":70,"column":3}},"13":{"start":{"line":61,"column":18},"end":{"line":61,"column":94}},"14":{"start":{"line":62,"column":4},"end":{"line":65,"column":8}},"15":{"start":{"line":62,"column":25},"end":{"line":65,"column":5}},"16":{"start":{"line":68,"column":4},"end":{"line":68,"column":19}},"17":{"start":{"line":69,"column":4},"end":{"line":69,"column":22}},"18":{"start":{"line":73,"column":23},"end":{"line":104,"column":3}},"19":{"start":{"line":74,"column":4},"end":{"line":74,"column":23}},"20":{"start":{"line":76,"column":4},"end":{"line":76,"column":27}},"21":{"start":{"line":76,"column":20},"end":{"line":76,"column":27}},"22":{"start":{"line":78,"column":4},"end":{"line":78,"column":21}},"23":{"start":{"line":79,"column":4},"end":{"line":79,"column":19}},"24":{"start":{"line":80,"column":4},"end":{"line":80,"column":22}},"25":{"start":{"line":82,"column":4},"end":{"line":103,"column":5}},"26":{"start":{"line":84,"column":26},"end":{"line":84,"column":28}},"27":{"start":{"line":85,"column":6},"end":{"line":85,"column":72}},"28":{"start":{"line":85,"column":39},"end":{"line":85,"column":72}},"29":{"start":{"line":86,"column":6},"end":{"line":86,"column":88}},"30":{"start":{"line":86,"column":47},"end":{"line":86,"column":88}},"31":{"start":{"line":87,"column":6},"end":{"line":87,"column":88}},"32":{"start":{"line":87,"column":47},"end":{"line":87,"column":88}},"33":{"start":{"line":90,"column":6},"end":{"line":97,"column":7}},"34":{"start":{"line":91,"column":8},"end":{"line":91,"column":72}},"35":{"start":{"line":92,"column":8},"end":{"line":92,"column":25}},"36":{"start":{"line":94,"column":8},"end":{"line":94,"column":41}},"37":{"start":{"line":94,"column":26},"end":{"line":94,"column":41}},"38":{"start":{"line":96,"column":8},"end":{"line":96,"column":25}},"39":{"start":{"line":99,"column":6},"end":{"line":99,"column":60}},"40":{"start":{"line":100,"column":6},"end":{"line":100,"column":49}},"41":{"start":{"line":102,"column":6},"end":{"line":102,"column":24}},"42":{"start":{"line":107,"column":22},"end":{"line":113,"column":3}},"43":{"start":{"line":108,"column":4},"end":{"line":112,"column":5}},"44":{"start":{"line":109,"column":6},"end":{"line":109,"column":21}},"45":{"start":{"line":110,"column":6},"end":{"line":110,"column":24}},"46":{"start":{"line":111,"column":6},"end":{"line":111,"column":16}},"47":{"start":{"line":115,"column":2},"end":{"line":115,"column":25}},"48":{"start":{"line":115,"column":13},"end":{"line":115,"column":25}},"49":{"start":{"line":117,"column":2},"end":{"line":254,"column":4}}},"fnMap":{"0":{"name":"(anonymous_0)","decl":{"start":{"line":33,"column":27},"end":{"line":33,"column":28}},"loc":{"start":{"line":33,"column":70},"end":{"line":255,"column":1}},"line":33},"1":{"name":"(anonymous_1)","decl":{"start":{"line":47,"column":12},"end":{"line":47,"column":13}},"loc":{"start":{"line":47,"column":18},"end":{"line":57,"column":3}},"line":47},"2":{"name":"(anonymous_2)","decl":{"start":{"line":60,"column":23},"end":{"line":60,"column":24}},"loc":{"start":{"line":60,"column":34},"end":{"line":70,"column":3}},"line":60},"3":{"name":"(anonymous_3)","decl":{"start":{"line":60,"column":34},"end":{"line":60,"column":35}},"loc":{"start":{"line":60,"column":45},"end":{"line":70,"column":3}},"line":60},"4":{"name":"(anonymous_4)","decl":{"start":{"line":62,"column":16},"end":{"line":62,"column":17}},"loc":{"start":{"line":62,"column":25},"end":{"line":65,"column":5}},"line":62},"5":{"name":"(anonymous_5)","decl":{"start":{"line":73,"column":23},"end":{"line":73,"column":24}},"loc":{"start":{"line":73,"column":36},"end":{"line":104,"column":3}},"line":73},"6":{"name":"(anonymous_6)","decl":{"start":{"line":107,"column":22},"end":{"line":107,"column":23}},"loc":{"start":{"line":107,"column":28},"end":{"line":113,"column":3}},"line":107}},"branchMap":{"0":{"loc":{"start":{"line":48,"column":4},"end":{"line":56,"column":5}},"type":"if","locations":[{"start":{"line":48,"column":4},"end":{"line":56,"column":5}},{"start":{"line":48,"column":4},"end":{"line":56,"column":5}}],"line":48},"1":{"loc":{"start":{"line":50,"column":14},"end":{"line":50,"column":33}},"type":"binary-expr","locations":[{"start":{"line":50,"column":14},"end":{"line":50,"column":23}},{"start":{"line":50,"column":27},"end":{"line":50,"column":33}}],"line":50},"2":{"loc":{"start":{"line":51,"column":18},"end":{"line":51,"column":40}},"type":"binary-expr","locations":[{"start":{"line":51,"column":18},"end":{"line":51,"column":31}},{"start":{"line":51,"column":35},"end":{"line":51,"column":40}}],"line":51},"3":{"loc":{"start":{"line":52,"column":18},"end":{"line":52,"column":68}},"type":"cond-expr","locations":[{"start":{"line":52,"column":48},"end":{"line":52,"column":61}},{"start":{"line":52,"column":64},"end":{"line":52,"column":68}}],"line":52},"4":{"loc":{"start":{"line":61,"column":18},"end":{"line":61,"column":94}},"type":"cond-expr","locations":[{"start":{"line":61,"column":53},"end":{"line":61,"column":73}},{"start":{"line":61,"column":76},"end":{"line":61,"column":94}}],"line":61},"5":{"loc":{"start":{"line":76,"column":4},"end":{"line":76,"column":27}},"type":"if","locations":[{"start":{"line":76,"column":4},"end":{"line":76,"column":27}},{"start":{"line":76,"column":4},"end":{"line":76,"column":27}}],"line":76},"6":{"loc":{"start":{"line":85,"column":6},"end":{"line":85,"column":72}},"type":"if","locations":[{"start":{"line":85,"column":6},"end":{"line":85,"column":72}},{"start":{"line":85,"column":6},"end":{"line":85,"column":72}}],"line":85},"7":{"loc":{"start":{"line":86,"column":6},"end":{"line":86,"column":88}},"type":"if","locations":[{"start":{"line":86,"column":6},"end":{"line":86,"column":88}},{"start":{"line":86,"column":6},"end":{"line":86,"column":88}}],"line":86},"8":{"loc":{"start":{"line":87,"column":6},"end":{"line":87,"column":88}},"type":"if","locations":[{"start":{"line":87,"column":6},"end":{"line":87,"column":88}},{"start":{"line":87,"column":6},"end":{"line":87,"column":88}}],"line":87},"9":{"loc":{"start":{"line":90,"column":6},"end":{"line":97,"column":7}},"type":"if","locations":[{"start":{"line":90,"column":6},"end":{"line":97,"column":7}},{"start":{"line":90,"column":6},"end":{"line":97,"column":7}}],"line":90},"10":{"loc":{"start":{"line":94,"column":8},"end":{"line":94,"column":41}},"type":"if","locations":[{"start":{"line":94,"column":8},"end":{"line":94,"column":41}},{"start":{"line":94,"column":8},"end":{"line":94,"column":41}}],"line":94},"11":{"loc":{"start":{"line":99,"column":15},"end":{"line":99,"column":58}},"type":"binary-expr","locations":[{"start":{"line":99,"column":15},"end":{"line":99,"column":26}},{"start":{"line":99,"column":30},"end":{"line":99,"column":58}}],"line":99},"12":{"loc":{"start":{"line":108,"column":4},"end":{"line":112,"column":5}},"type":"if","locations":[{"start":{"line":108,"column":4},"end":{"line":112,"column":5}},{"start":{"line":108,"column":4},"end":{"line":112,"column":5}}],"line":108},"13":{"loc":{"start":{"line":115,"column":2},"end":{"line":115,"column":25}},"type":"if","locations":[{"start":{"line":115,"column":2},"end":{"line":115,"column":25}},{"start":{"line":115,"column":2},"end":{"line":115,"column":25}}],"line":115},"14":{"loc":{"start":{"line":141,"column":25},"end":{"line":141,"column":44}},"type":"binary-expr","locations":[{"start":{"line":141,"column":25},"end":{"line":141,"column":38}},{"start":{"line":141,"column":42},"end":{"line":141,"column":44}}],"line":141},"15":{"loc":{"start":{"line":148,"column":25},"end":{"line":148,"column":41}},"type":"binary-expr","locations":[{"start":{"line":148,"column":25},"end":{"line":148,"column":35}},{"start":{"line":148,"column":39},"end":{"line":148,"column":41}}],"line":148},"16":{"loc":{"start":{"line":155,"column":25},"end":{"line":155,"column":105}},"type":"binary-expr","locations":[{"start":{"line":155,"column":25},"end":{"line":155,"column":98}},{"start":{"line":155,"column":102},"end":{"line":155,"column":105}}],"line":155},"17":{"loc":{"start":{"line":155,"column":28},"end":{"line":155,"column":57}},"type":"binary-expr","locations":[{"start":{"line":155,"column":28},"end":{"line":155,"column":51}},{"start":{"line":155,"column":55},"end":{"line":155,"column":57}}],"line":155},"18":{"loc":{"start":{"line":155,"column":61},"end":{"line":155,"column":89}},"type":"binary-expr","locations":[{"start":{"line":155,"column":61},"end":{"line":155,"column":83}},{"start":{"line":155,"column":87},"end":{"line":155,"column":89}}],"line":155},"19":{"loc":{"start":{"line":198,"column":17},"end":{"line":202,"column":17}},"type":"binary-expr","locations":[{"start":{"line":198,"column":17},"end":{"line":198,"column":34}},{"start":{"line":199,"column":18},"end":{"line":201,"column":31}}],"line":198},"20":{"loc":{"start":{"line":215,"column":17},"end":{"line":219,"column":17}},"type":"binary-expr","locations":[{"start":{"line":215,"column":17},"end":{"line":215,"column":35}},{"start":{"line":216,"column":18},"end":{"line":218,"column":31}}],"line":215},"21":{"loc":{"start":{"line":225,"column":11},"end":{"line":229,"column":11}},"type":"binary-expr","locations":[{"start":{"line":225,"column":11},"end":{"line":225,"column":16}},{"start":{"line":226,"column":12},"end":{"line":228,"column":20}}],"line":225},"22":{"loc":{"start":{"line":231,"column":11},"end":{"line":235,"column":11}},"type":"binary-expr","locations":[{"start":{"line":231,"column":11},"end":{"line":231,"column":18}},{"start":{"line":232,"column":12},"end":{"line":234,"column":20}}],"line":231},"23":{"loc":{"start":{"line":240,"column":13},"end":{"line":240,"column":61}},"type":"cond-expr","locations":[{"start":{"line":240,"column":23},"end":{"line":240,"column":40}},{"start":{"line":240,"column":43},"end":{"line":240,"column":61}}],"line":240},"24":{"loc":{"start":{"line":247,"column":23},"end":{"line":247,"column":70}},"type":"cond-expr","locations":[{"start":{"line":247,"column":33},"end":{"line":247,"column":63}},{"start":{"line":247,"column":66},"end":{"line":247,"column":70}}],"line":247}},"s":{"0":0,"1":0,"2":0,"3":0,"4":0,"5":0,"6":0,"7":0,"8":0,"9":0,"10":0,"11":0,"12":0,"13":0,"14":0,"15":0,"16":0,"17":0,"18":0,"19":0,"20":0,"21":0,"22":0,"23":0,"24":0,"25":0,"26":0,"27":0,"28":0,"29":0,"30":0,"31":0,"32":0,"33":0,"34":0,"35":0,"36":0,"37":0,"38":0,"39":0,"40":0,"41":0,"42":0,"43":0,"44":0,"45":0,"46":0,"47":0,"48":0,"49":0},"f":{"0":0,"1":0,"2":0,"3":0,"4":0,"5":0,"6":0},"b":{"0":[0,0],"1":[0,0],"2":[0,0],"3":[0,0],"4":[0,0],"5":[0,0],"6":[0,0],"7":[0,0],"8":[0,0],"9":[0,0],"10":[0,0],"11":[0,0],"12":[0,0],"13":[0,0],"14":[0,0],"15":[0,0],"16":[0,0],"17":[0,0],"18":[0,0],"19":[0,0],"20":[0,0],"21":[0,0],"22":[0,0],"23":[0,0],"24":[0,0]},"hash":"e8bcfa5cd81466760fcbf3ba2cd2af1f86cd9d82"}
,"C:\\Users\\Han\\Desktop\\MathSphere\\client\\src\\components\\admin\\FeedbackDetailModal.jsx": {"path":"C:\\Users\\Han\\Desktop\\MathSphere\\client\\src\\components\\admin\\FeedbackDetailModal.jsx","statementMap":{"0":{"start":{"line":33,"column":28},"end":{"line":271,"column":1}},"1":{"start":{"line":34,"column":16},"end":{"line":34,"column":29}},"2":{"start":{"line":35,"column":32},"end":{"line":35,"column":47}},"3":{"start":{"line":36,"column":28},"end":{"line":36,"column":42}},"4":{"start":{"line":37,"column":32},"end":{"line":37,"column":47}},"5":{"start":{"line":38,"column":30},"end":{"line":38,"column":42}},"6":{"start":{"line":41,"column":2},"end":{"line":47,"column":17}},"7":{"start":{"line":42,"column":4},"end":{"line":46,"column":5}},"8":{"start":{"line":43,"column":6},"end":{"line":43,"column":42}},"9":{"start":{"line":44,"column":6},"end":{"line":44,"column":21}},"10":{"start":{"line":45,"column":6},"end":{"line":45,"column":24}},"11":{"start":{"line":50,"column":29},"end":{"line":54,"column":3}},"12":{"start":{"line":51,"column":4},"end":{"line":51,"column":30}},"13":{"start":{"line":52,"column":4},"end":{"line":52,"column":19}},"14":{"start":{"line":53,"column":4},"end":{"line":53,"column":22}},"15":{"start":{"line":57,"column":27},"end":{"line":78,"column":3}},"16":{"start":{"line":58,"column":4},"end":{"line":58,"column":73}},"17":{"start":{"line":58,"column":66},"end":{"line":58,"column":73}},"18":{"start":{"line":60,"column":4},"end":{"line":60,"column":21}},"19":{"start":{"line":61,"column":4},"end":{"line":61,"column":19}},"20":{"start":{"line":62,"column":4},"end":{"line":62,"column":22}},"21":{"start":{"line":64,"column":4},"end":{"line":77,"column":5}},"22":{"start":{"line":65,"column":6},"end":{"line":65,"column":76}},"23":{"start":{"line":66,"column":6},"end":{"line":66,"column":23}},"24":{"start":{"line":69,"column":6},"end":{"line":71,"column":7}},"25":{"start":{"line":70,"column":8},"end":{"line":70,"column":28}},"26":{"start":{"line":73,"column":6},"end":{"line":73,"column":63}},"27":{"start":{"line":74,"column":6},"end":{"line":74,"column":60}},"28":{"start":{"line":76,"column":6},"end":{"line":76,"column":24}},"29":{"start":{"line":81,"column":22},"end":{"line":90,"column":3}},"30":{"start":{"line":82,"column":4},"end":{"line":82,"column":29}},"31":{"start":{"line":82,"column":19},"end":{"line":82,"column":29}},"32":{"start":{"line":84,"column":4},"end":{"line":87,"column":5}},"33":{"start":{"line":85,"column":19},"end":{"line":85,"column":34}},"34":{"start":{"line":86,"column":6},"end":{"line":86,"column":59}},"35":{"start":{"line":89,"column":4},"end":{"line":89,"column":41}},"36":{"start":{"line":93,"column":25},"end":{"line":111,"column":3}},"37":{"start":{"line":94,"column":4},"end":{"line":94,"column":63}},"38":{"start":{"line":94,"column":40},"end":{"line":94,"column":63}},"39":{"start":{"line":96,"column":22},"end":{"line":96,"column":24}},"40":{"start":{"line":98,"column":4},"end":{"line":100,"column":5}},"41":{"start":{"line":99,"column":6},"end":{"line":99,"column":57}},"42":{"start":{"line":102,"column":4},"end":{"line":104,"column":5}},"43":{"start":{"line":103,"column":6},"end":{"line":103,"column":66}},"44":{"start":{"line":106,"column":4},"end":{"line":108,"column":5}},"45":{"start":{"line":107,"column":6},"end":{"line":107,"column":77}},"46":{"start":{"line":110,"column":4},"end":{"line":110,"column":77}},"47":{"start":{"line":114,"column":27},"end":{"line":119,"column":3}},"48":{"start":{"line":115,"column":4},"end":{"line":115,"column":31}},"49":{"start":{"line":115,"column":21},"end":{"line":115,"column":31}},"50":{"start":{"line":117,"column":17},"end":{"line":117,"column":37}},"51":{"start":{"line":118,"column":4},"end":{"line":118,"column":130}},"52":{"start":{"line":121,"column":2},"end":{"line":121,"column":29}},"53":{"start":{"line":121,"column":17},"end":{"line":121,"column":29}},"54":{"start":{"line":123,"column":2},"end":{"line":270,"column":4}}},"fnMap":{"0":{"name":"(anonymous_0)","decl":{"start":{"line":33,"column":28},"end":{"line":33,"column":29}},"loc":{"start":{"line":33,"column":80},"end":{"line":271,"column":1}},"line":33},"1":{"name":"(anonymous_1)","decl":{"start":{"line":41,"column":12},"end":{"line":41,"column":13}},"loc":{"start":{"line":41,"column":18},"end":{"line":47,"column":3}},"line":41},"2":{"name":"(anonymous_2)","decl":{"start":{"line":50,"column":29},"end":{"line":50,"column":30}},"loc":{"start":{"line":50,"column":36},"end":{"line":54,"column":3}},"line":50},"3":{"name":"(anonymous_3)","decl":{"start":{"line":57,"column":27},"end":{"line":57,"column":28}},"loc":{"start":{"line":57,"column":39},"end":{"line":78,"column":3}},"line":57},"4":{"name":"(anonymous_4)","decl":{"start":{"line":81,"column":22},"end":{"line":81,"column":23}},"loc":{"start":{"line":81,"column":28},"end":{"line":90,"column":3}},"line":81},"5":{"name":"(anonymous_5)","decl":{"start":{"line":93,"column":25},"end":{"line":93,"column":26}},"loc":{"start":{"line":93,"column":31},"end":{"line":111,"column":3}},"line":93},"6":{"name":"(anonymous_6)","decl":{"start":{"line":114,"column":27},"end":{"line":114,"column":28}},"loc":{"start":{"line":114,"column":43},"end":{"line":119,"column":3}},"line":114}},"branchMap":{"0":{"loc":{"start":{"line":42,"column":4},"end":{"line":46,"column":5}},"type":"if","locations":[{"start":{"line":42,"column":4},"end":{"line":46,"column":5}},{"start":{"line":42,"column":4},"end":{"line":46,"column":5}}],"line":42},"1":{"loc":{"start":{"line":43,"column":16},"end":{"line":43,"column":40}},"type":"binary-expr","locations":[{"start":{"line":43,"column":16},"end":{"line":43,"column":31}},{"start":{"line":43,"column":35},"end":{"line":43,"column":40}}],"line":43},"2":{"loc":{"start":{"line":58,"column":4},"end":{"line":58,"column":73}},"type":"if","locations":[{"start":{"line":58,"column":4},"end":{"line":58,"column":73}},{"start":{"line":58,"column":4},"end":{"line":58,"column":73}}],"line":58},"3":{"loc":{"start":{"line":58,"column":8},"end":{"line":58,"column":64}},"type":"binary-expr","locations":[{"start":{"line":58,"column":8},"end":{"line":58,"column":17}},{"start":{"line":58,"column":21},"end":{"line":58,"column":34}},{"start":{"line":58,"column":38},"end":{"line":58,"column":64}}],"line":58},"4":{"loc":{"start":{"line":69,"column":6},"end":{"line":71,"column":7}},"type":"if","locations":[{"start":{"line":69,"column":6},"end":{"line":71,"column":7}},{"start":{"line":69,"column":6},"end":{"line":71,"column":7}}],"line":69},"5":{"loc":{"start":{"line":73,"column":15},"end":{"line":73,"column":61}},"type":"binary-expr","locations":[{"start":{"line":73,"column":15},"end":{"line":73,"column":26}},{"start":{"line":73,"column":30},"end":{"line":73,"column":61}}],"line":73},"6":{"loc":{"start":{"line":82,"column":4},"end":{"line":82,"column":29}},"type":"if","locations":[{"start":{"line":82,"column":4},"end":{"line":82,"column":29}},{"start":{"line":82,"column":4},"end":{"line":82,"column":29}}],"line":82},"7":{"loc":{"start":{"line":84,"column":4},"end":{"line":87,"column":5}},"type":"if","locations":[{"start":{"line":84,"column":4},"end":{"line":87,"column":5}},{"start":{"line":84,"column":4},"end":{"line":87,"column":5}}],"line":84},"8":{"loc":{"start":{"line":86,"column":13},"end":{"line":86,"column":58}},"type":"binary-expr","locations":[{"start":{"line":86,"column":13},"end":{"line":86,"column":26}},{"start":{"line":86,"column":30},"end":{"line":86,"column":40}},{"start":{"line":86,"column":44},"end":{"line":86,"column":58}}],"line":86},"9":{"loc":{"start":{"line":89,"column":11},"end":{"line":89,"column":40}},"type":"binary-expr","locations":[{"start":{"line":89,"column":11},"end":{"line":89,"column":25}},{"start":{"line":89,"column":29},"end":{"line":89,"column":40}}],"line":89},"10":{"loc":{"start":{"line":94,"column":4},"end":{"line":94,"column":63}},"type":"if","locations":[{"start":{"line":94,"column":4},"end":{"line":94,"column":63}},{"start":{"line":94,"column":4},"end":{"line":94,"column":63}}],"line":94},"11":{"loc":{"start":{"line":94,"column":8},"end":{"line":94,"column":38}},"type":"binary-expr","locations":[{"start":{"line":94,"column":8},"end":{"line":94,"column":17}},{"start":{"line":94,"column":21},"end":{"line":94,"column":38}}],"line":94},"12":{"loc":{"start":{"line":98,"column":4},"end":{"line":100,"column":5}},"type":"if","locations":[{"start":{"line":98,"column":4},"end":{"line":100,"column":5}},{"start":{"line":98,"column":4},"end":{"line":100,"column":5}}],"line":98},"13":{"loc":{"start":{"line":102,"column":4},"end":{"line":104,"column":5}},"type":"if","locations":[{"start":{"line":102,"column":4},"end":{"line":104,"column":5}},{"start":{"line":102,"column":4},"end":{"line":104,"column":5}}],"line":102},"14":{"loc":{"start":{"line":106,"column":4},"end":{"line":108,"column":5}},"type":"if","locations":[{"start":{"line":106,"column":4},"end":{"line":108,"column":5}},{"start":{"line":106,"column":4},"end":{"line":108,"column":5}}],"line":106},"15":{"loc":{"start":{"line":110,"column":11},"end":{"line":110,"column":76}},"type":"cond-expr","locations":[{"start":{"line":110,"column":36},"end":{"line":110,"column":58}},{"start":{"line":110,"column":61},"end":{"line":110,"column":76}}],"line":110},"16":{"loc":{"start":{"line":115,"column":4},"end":{"line":115,"column":31}},"type":"if","locations":[{"start":{"line":115,"column":4},"end":{"line":115,"column":31}},{"start":{"line":115,"column":4},"end":{"line":115,"column":31}}],"line":115},"17":{"loc":{"start":{"line":121,"column":2},"end":{"line":121,"column":29}},"type":"if","locations":[{"start":{"line":121,"column":2},"end":{"line":121,"column":29}},{"start":{"line":121,"column":2},"end":{"line":121,"column":29}}],"line":121},"18":{"loc":{"start":{"line":179,"column":20},"end":{"line":183,"column":29}},"type":"cond-expr","locations":[{"start":{"line":179,"column":48},"end":{"line":179,"column":55}},{"start":{"line":180,"column":20},"end":{"line":183,"column":29}}],"line":179},"19":{"loc":{"start":{"line":180,"column":20},"end":{"line":183,"column":29}},"type":"cond-expr","locations":[{"start":{"line":180,"column":49},"end":{"line":180,"column":55}},{"start":{"line":181,"column":20},"end":{"line":183,"column":29}}],"line":180},"20":{"loc":{"start":{"line":181,"column":20},"end":{"line":183,"column":29}},"type":"cond-expr","locations":[{"start":{"line":181,"column":56},"end":{"line":181,"column":65}},{"start":{"line":182,"column":20},"end":{"line":183,"column":29}}],"line":181},"21":{"loc":{"start":{"line":182,"column":20},"end":{"line":183,"column":29}},"type":"cond-expr","locations":[{"start":{"line":182,"column":53},"end":{"line":182,"column":62}},{"start":{"line":183,"column":20},"end":{"line":183,"column":29}}],"line":182},"22":{"loc":{"start":{"line":215,"column":26},"end":{"line":215,"column":63}},"type":"binary-expr","locations":[{"start":{"line":215,"column":26},"end":{"line":215,"column":33}},{"start":{"line":215,"column":37},"end":{"line":215,"column":63}}],"line":215},"23":{"loc":{"start":{"line":217,"column":27},"end":{"line":217,"column":74}},"type":"cond-expr","locations":[{"start":{"line":217,"column":37},"end":{"line":217,"column":67}},{"start":{"line":217,"column":70},"end":{"line":217,"column":74}}],"line":217},"24":{"loc":{"start":{"line":222,"column":15},"end":{"line":226,"column":15}},"type":"binary-expr","locations":[{"start":{"line":222,"column":15},"end":{"line":222,"column":20}},{"start":{"line":223,"column":16},"end":{"line":225,"column":24}}],"line":222},"25":{"loc":{"start":{"line":228,"column":15},"end":{"line":232,"column":15}},"type":"binary-expr","locations":[{"start":{"line":228,"column":15},"end":{"line":228,"column":22}},{"start":{"line":229,"column":16},"end":{"line":231,"column":24}}],"line":228},"26":{"loc":{"start":{"line":256,"column":19},"end":{"line":256,"column":68}},"type":"binary-expr","locations":[{"start":{"line":256,"column":19},"end":{"line":256,"column":35}},{"start":{"line":256,"column":39},"end":{"line":256,"column":68}}],"line":256}},"s":{"0":0,"1":0,"2":0,"3":0,"4":0,"5":0,"6":0,"7":0,"8":0,"9":0,"10":0,"11":0,"12":0,"13":0,"14":0,"15":0,"16":0,"17":0,"18":0,"19":0,"20":0,"21":0,"22":0,"23":0,"24":0,"25":0,"26":0,"27":0,"28":0,"29":0,"30":0,"31":0,"32":0,"33":0,"34":0,"35":0,"36":0,"37":0,"38":0,"39":0,"40":0,"41":0,"42":0,"43":0,"44":0,"45":0,"46":0,"47":0,"48":0,"49":0,"50":0,"51":0,"52":0,"53":0,"54":0},"f":{"0":0,"1":0,"2":0,"3":0,"4":0,"5":0,"6":0},"b":{"0":[0,0],"1":[0,0],"2":[0,0],"3":[0,0,0],"4":[0,0],"5":[0,0],"6":[0,0],"7":[0,0],"8":[0,0,0],"9":[0,0],"10":[0,0],"11":[0,0],"12":[0,0],"13":[0,0],"14":[0,0],"15":[0,0],"16":[0,0],"17":[0,0],"18":[0,0],"19":[0,0],"20":[0,0],"21":[0,0],"22":[0,0],"23":[0,0],"24":[0,0],"25":[0,0],"26":[0,0]},"hash":"2b567374932438e0791b1faf9f97872b883090cb"}
,"C:\\Users\\Han\\Desktop\\MathSphere\\client\\src\\components\\auth\\AdminProtectedRoute.jsx": {"path":"C:\\Users\\Han\\Desktop\\MathSphere\\client\\src\\components\\auth\\AdminProtectedRoute.jsx","statementMap":{"0":{"start":{"line":6,"column":28},"end":{"line":46,"column":1}},"1":{"start":{"line":7,"column":47},"end":{"line":7,"column":56}},"2":{"start":{"line":8,"column":19},"end":{"line":8,"column":32}},"3":{"start":{"line":10,"column":2},"end":{"line":15,"column":5}},"4":{"start":{"line":17,"column":2},"end":{"line":29,"column":3}},"5":{"start":{"line":18,"column":4},"end":{"line":18,"column":66}},"6":{"start":{"line":19,"column":4},"end":{"line":28,"column":6}},"7":{"start":{"line":31,"column":18},"end":{"line":31,"column":40}},"8":{"start":{"line":32,"column":2},"end":{"line":37,"column":5}},"9":{"start":{"line":39,"column":2},"end":{"line":42,"column":3}},"10":{"start":{"line":40,"column":4},"end":{"line":40,"column":73}},"11":{"start":{"line":41,"column":4},"end":{"line":41,"column":71}},"12":{"start":{"line":44,"column":2},"end":{"line":44,"column":69}},"13":{"start":{"line":45,"column":2},"end":{"line":45,"column":18}}},"fnMap":{"0":{"name":"(anonymous_0)","decl":{"start":{"line":6,"column":28},"end":{"line":6,"column":29}},"loc":{"start":{"line":6,"column":46},"end":{"line":46,"column":1}},"line":6}},"branchMap":{"0":{"loc":{"start":{"line":17,"column":2},"end":{"line":29,"column":3}},"type":"if","locations":[{"start":{"line":17,"column":2},"end":{"line":29,"column":3}},{"start":{"line":17,"column":2},"end":{"line":29,"column":3}}],"line":17},"1":{"loc":{"start":{"line":39,"column":2},"end":{"line":42,"column":3}},"type":"if","locations":[{"start":{"line":39,"column":2},"end":{"line":42,"column":3}},{"start":{"line":39,"column":2},"end":{"line":42,"column":3}}],"line":39},"2":{"loc":{"start":{"line":39,"column":6},"end":{"line":39,"column":43}},"type":"binary-expr","locations":[{"start":{"line":39,"column":6},"end":{"line":39,"column":22}},{"start":{"line":39,"column":26},"end":{"line":39,"column":31}},{"start":{"line":39,"column":35},"end":{"line":39,"column":43}}],"line":39}},"s":{"0":0,"1":0,"2":0,"3":0,"4":0,"5":0,"6":0,"7":0,"8":0,"9":0,"10":0,"11":0,"12":0,"13":0},"f":{"0":0},"b":{"0":[0,0],"1":[0,0],"2":[0,0,0]},"hash":"b30d7a469088f58537ec40bf23feb26e249ebe25"}
,"C:\\Users\\Han\\Desktop\\MathSphere\\client\\src\\components\\auth\\ProtectedRoute.jsx": {"path":"C:\\Users\\Han\\Desktop\\MathSphere\\client\\src\\components\\auth\\ProtectedRoute.jsx","statementMap":{"0":{"start":{"line":6,"column":23},"end":{"line":34,"column":1}},"1":{"start":{"line":7,"column":41},"end":{"line":7,"column":50}},"2":{"start":{"line":8,"column":19},"end":{"line":8,"column":32}},"3":{"start":{"line":11,"column":2},"end":{"line":24,"column":3}},"4":{"start":{"line":12,"column":4},"end":{"line":23,"column":6}},"5":{"start":{"line":27,"column":2},"end":{"line":30,"column":3}},"6":{"start":{"line":29,"column":4},"end":{"line":29,"column":71}},"7":{"start":{"line":33,"column":2},"end":{"line":33,"column":18}}},"fnMap":{"0":{"name":"(anonymous_0)","decl":{"start":{"line":6,"column":23},"end":{"line":6,"column":24}},"loc":{"start":{"line":6,"column":41},"end":{"line":34,"column":1}},"line":6}},"branchMap":{"0":{"loc":{"start":{"line":11,"column":2},"end":{"line":24,"column":3}},"type":"if","locations":[{"start":{"line":11,"column":2},"end":{"line":24,"column":3}},{"start":{"line":11,"column":2},"end":{"line":24,"column":3}}],"line":11},"1":{"loc":{"start":{"line":27,"column":2},"end":{"line":30,"column":3}},"type":"if","locations":[{"start":{"line":27,"column":2},"end":{"line":30,"column":3}},{"start":{"line":27,"column":2},"end":{"line":30,"column":3}}],"line":27}},"s":{"0":0,"1":0,"2":0,"3":0,"4":0,"5":0,"6":0,"7":0},"f":{"0":0},"b":{"0":[0,0],"1":[0,0]},"hash":"0d96048888ced4465a491e9dac21cd8c8a3c7c61"}
,"C:\\Users\\Han\\Desktop\\MathSphere\\client\\src\\components\\common\\ErrorBoundary.jsx": {"path":"C:\\Users\\Han\\Desktop\\MathSphere\\client\\src\\components\\common\\ErrorBoundary.jsx","statementMap":{"0":{"start":{"line":7,"column":4},"end":{"line":7,"column":17}},"1":{"start":{"line":8,"column":4},"end":{"line":8,"column":67}},"2":{"start":{"line":12,"column":4},"end":{"line":12,"column":37}},"3":{"start":{"line":16,"column":4},"end":{"line":19,"column":7}},"4":{"start":{"line":21,"column":4},"end":{"line":21,"column":65}},"5":{"start":{"line":25,"column":4},"end":{"line":53,"column":5}},"6":{"start":{"line":26,"column":6},"end":{"line":52,"column":8}},"7":{"start":{"line":47,"column":27},"end":{"line":47,"column":51}},"8":{"start":{"line":55,"column":4},"end":{"line":55,"column":31}},"9":{"start":{"line":60,"column":34},"end":{"line":63,"column":1}},"10":{"start":{"line":61,"column":16},"end":{"line":61,"column":29}},"11":{"start":{"line":62,"column":2},"end":{"line":62,"column":44}}},"fnMap":{"0":{"name":"(anonymous_0)","decl":{"start":{"line":6,"column":2},"end":{"line":6,"column":3}},"loc":{"start":{"line":6,"column":21},"end":{"line":9,"column":3}},"line":6},"1":{"name":"(anonymous_1)","decl":{"start":{"line":11,"column":2},"end":{"line":11,"column":3}},"loc":{"start":{"line":11,"column":41},"end":{"line":13,"column":3}},"line":11},"2":{"name":"(anonymous_2)","decl":{"start":{"line":15,"column":2},"end":{"line":15,"column":3}},"loc":{"start":{"line":15,"column":38},"end":{"line":22,"column":3}},"line":15},"3":{"name":"(anonymous_3)","decl":{"start":{"line":24,"column":2},"end":{"line":24,"column":3}},"loc":{"start":{"line":24,"column":11},"end":{"line":56,"column":3}},"line":24},"4":{"name":"(anonymous_4)","decl":{"start":{"line":47,"column":21},"end":{"line":47,"column":22}},"loc":{"start":{"line":47,"column":27},"end":{"line":47,"column":51}},"line":47},"5":{"name":"(anonymous_5)","decl":{"start":{"line":60,"column":34},"end":{"line":60,"column":35}},"loc":{"start":{"line":60,"column":45},"end":{"line":63,"column":1}},"line":60}},"branchMap":{"0":{"loc":{"start":{"line":25,"column":4},"end":{"line":53,"column":5}},"type":"if","locations":[{"start":{"line":25,"column":4},"end":{"line":53,"column":5}},{"start":{"line":25,"column":4},"end":{"line":53,"column":5}}],"line":25},"1":{"loc":{"start":{"line":39,"column":13},"end":{"line":39,"column":94}},"type":"cond-expr","locations":[{"start":{"line":39,"column":28},"end":{"line":39,"column":69}},{"start":{"line":39,"column":72},"end":{"line":39,"column":94}}],"line":39},"2":{"loc":{"start":{"line":42,"column":13},"end":{"line":42,"column":72}},"type":"binary-expr","locations":[{"start":{"line":42,"column":13},"end":{"line":42,"column":38}},{"start":{"line":42,"column":42},"end":{"line":42,"column":72}}],"line":42},"3":{"loc":{"start":{"line":49,"column":13},"end":{"line":49,"column":76}},"type":"cond-expr","locations":[{"start":{"line":49,"column":28},"end":{"line":49,"column":59}},{"start":{"line":49,"column":62},"end":{"line":49,"column":76}}],"line":49}},"s":{"0":0,"1":0,"2":0,"3":0,"4":0,"5":0,"6":0,"7":0,"8":0,"9":0,"10":0,"11":0},"f":{"0":0,"1":0,"2":0,"3":0,"4":0,"5":0},"b":{"0":[0,0],"1":[0,0],"2":[0,0],"3":[0,0]},"hash":"dda7aa60d2fc003dc9363099fbb9f7b5dcb7d44f"}
,"C:\\Users\\Han\\Desktop\\MathSphere\\client\\src\\components\\common\\FormField.jsx": {"path":"C:\\Users\\Han\\Desktop\\MathSphere\\client\\src\\components\\common\\FormField.jsx","statementMap":{"0":{"start":{"line":20,"column":18},"end":{"line":75,"column":1}},"1":{"start":{"line":34,"column":18},"end":{"line":34,"column":39}},"2":{"start":{"line":37,"column":19},"end":{"line":37,"column":26}},"3":{"start":{"line":40,"column":28},"end":{"line":40,"column":47}},"4":{"start":{"line":42,"column":2},"end":{"line":74,"column":4}}},"fnMap":{"0":{"name":"(anonymous_0)","decl":{"start":{"line":20,"column":18},"end":{"line":20,"column":19}},"loc":{"start":{"line":32,"column":6},"end":{"line":75,"column":1}},"line":32}},"branchMap":{"0":{"loc":{"start":{"line":27,"column":2},"end":{"line":27,"column":18}},"type":"default-arg","locations":[{"start":{"line":27,"column":13},"end":{"line":27,"column":18}}],"line":27},"1":{"loc":{"start":{"line":28,"column":2},"end":{"line":28,"column":15}},"type":"default-arg","locations":[{"start":{"line":28,"column":9},"end":{"line":28,"column":15}}],"line":28},"2":{"loc":{"start":{"line":34,"column":18},"end":{"line":34,"column":39}},"type":"binary-expr","locations":[{"start":{"line":34,"column":18},"end":{"line":34,"column":20}},{"start":{"line":34,"column":24},"end":{"line":34,"column":39}}],"line":34},"3":{"loc":{"start":{"line":40,"column":28},"end":{"line":40,"column":47}},"type":"binary-expr","locations":[{"start":{"line":40,"column":28},"end":{"line":40,"column":33}},{"start":{"line":40,"column":37},"end":{"line":40,"column":47}}],"line":40},"4":{"loc":{"start":{"line":49,"column":24},"end":{"line":49,"column":75}},"type":"cond-expr","locations":[{"start":{"line":49,"column":44},"end":{"line":49,"column":63}},{"start":{"line":49,"column":66},"end":{"line":49,"column":75}}],"line":49},"5":{"loc":{"start":{"line":68,"column":7},"end":{"line":72,"column":7}},"type":"binary-expr","locations":[{"start":{"line":68,"column":7},"end":{"line":68,"column":24}},{"start":{"line":69,"column":8},"end":{"line":71,"column":25}}],"line":68}},"s":{"0":0,"1":0,"2":0,"3":0,"4":0},"f":{"0":0},"b":{"0":[0],"1":[0],"2":[0,0],"3":[0,0],"4":[0,0],"5":[0,0]},"hash":"f08715a396c34f27039e919d7d9b669c1bdd7ca6"}
,"C:\\Users\\Han\\Desktop\\MathSphere\\client\\src\\components\\common\\FullScreenLoader.jsx": {"path":"C:\\Users\\Han\\Desktop\\MathSphere\\client\\src\\components\\common\\FullScreenLoader.jsx","statementMap":{"0":{"start":{"line":9,"column":25},"end":{"line":32,"column":1}},"1":{"start":{"line":10,"column":2},"end":{"line":31,"column":4}},"2":{"start":{"line":23,"column":10},"end":{"line":25,"column":40}},"3":{"start":{"line":26,"column":27},"end":{"line":26,"column":50}}},"fnMap":{"0":{"name":"(anonymous_0)","decl":{"start":{"line":9,"column":25},"end":{"line":9,"column":26}},"loc":{"start":{"line":9,"column":31},"end":{"line":32,"column":1}},"line":9},"1":{"name":"(anonymous_1)","decl":{"start":{"line":22,"column":25},"end":{"line":22,"column":26}},"loc":{"start":{"line":23,"column":10},"end":{"line":25,"column":40}},"line":23},"2":{"name":"(anonymous_2)","decl":{"start":{"line":26,"column":16},"end":{"line":26,"column":17}},"loc":{"start":{"line":26,"column":27},"end":{"line":26,"column":50}},"line":26}},"branchMap":{"0":{"loc":{"start":{"line":23,"column":10},"end":{"line":25,"column":40}},"type":"cond-expr","locations":[{"start":{"line":24,"column":14},"end":{"line":24,"column":34}},{"start":{"line":25,"column":14},"end":{"line":25,"column":40}}],"line":23}},"s":{"0":0,"1":0,"2":0,"3":0},"f":{"0":0,"1":0,"2":0},"b":{"0":[0,0]},"hash":"504000afdc464966da6ab79f4591458d0f7630f4"}
,"C:\\Users\\Han\\Desktop\\MathSphere\\client\\src\\components\\common\\PrivateRoute.jsx": {"path":"C:\\Users\\Han\\Desktop\\MathSphere\\client\\src\\components\\common\\PrivateRoute.jsx","statementMap":{"0":{"start":{"line":14,"column":21},"end":{"line":43,"column":1}},"1":{"start":{"line":15,"column":47},"end":{"line":15,"column":56}},"2":{"start":{"line":16,"column":19},"end":{"line":16,"column":32}},"3":{"start":{"line":18,"column":2},"end":{"line":23,"column":5}},"4":{"start":{"line":25,"column":2},"end":{"line":28,"column":3}},"5":{"start":{"line":26,"column":4},"end":{"line":26,"column":59}},"6":{"start":{"line":27,"column":4},"end":{"line":27,"column":32}},"7":{"start":{"line":30,"column":2},"end":{"line":34,"column":5}},"8":{"start":{"line":36,"column":2},"end":{"line":39,"column":3}},"9":{"start":{"line":37,"column":4},"end":{"line":37,"column":66}},"10":{"start":{"line":38,"column":4},"end":{"line":38,"column":71}},"11":{"start":{"line":41,"column":2},"end":{"line":41,"column":62}},"12":{"start":{"line":42,"column":2},"end":{"line":42,"column":18}}},"fnMap":{"0":{"name":"(anonymous_0)","decl":{"start":{"line":14,"column":21},"end":{"line":14,"column":22}},"loc":{"start":{"line":14,"column":39},"end":{"line":43,"column":1}},"line":14}},"branchMap":{"0":{"loc":{"start":{"line":25,"column":2},"end":{"line":28,"column":3}},"type":"if","locations":[{"start":{"line":25,"column":2},"end":{"line":28,"column":3}},{"start":{"line":25,"column":2},"end":{"line":28,"column":3}}],"line":25},"1":{"loc":{"start":{"line":36,"column":2},"end":{"line":39,"column":3}},"type":"if","locations":[{"start":{"line":36,"column":2},"end":{"line":39,"column":3}},{"start":{"line":36,"column":2},"end":{"line":39,"column":3}}],"line":36},"2":{"loc":{"start":{"line":36,"column":6},"end":{"line":36,"column":31}},"type":"binary-expr","locations":[{"start":{"line":36,"column":6},"end":{"line":36,"column":22}},{"start":{"line":36,"column":26},"end":{"line":36,"column":31}}],"line":36}},"s":{"0":0,"1":0,"2":0,"3":0,"4":0,"5":0,"6":0,"7":0,"8":0,"9":0,"10":0,"11":0,"12":0},"f":{"0":0},"b":{"0":[0,0],"1":[0,0],"2":[0,0]},"hash":"fae765c783d8a7d0cc4bdb73480627e6027d3a72"}
,"C:\\Users\\Han\\Desktop\\MathSphere\\client\\src\\components\\editor\\CustomToolbar.jsx": {"path":"C:\\Users\\Han\\Desktop\\MathSphere\\client\\src\\components\\editor\\CustomToolbar.jsx","statementMap":{"0":{"start":{"line":6,"column":22},"end":{"line":24,"column":1}},"1":{"start":{"line":7,"column":16},"end":{"line":7,"column":29}},"2":{"start":{"line":9,"column":2},"end":{"line":23,"column":4}}},"fnMap":{"0":{"name":"(anonymous_0)","decl":{"start":{"line":6,"column":22},"end":{"line":6,"column":23}},"loc":{"start":{"line":6,"column":45},"end":{"line":24,"column":1}},"line":6}},"branchMap":{},"s":{"0":0,"1":0,"2":0},"f":{"0":0},"b":{},"hash":"c9f1cc296433dc18fb65f14cd5cd62cbaeaf4a92"}
,"C:\\Users\\Han\\Desktop\\MathSphere\\client\\src\\components\\editor\\ImageUploadButton.jsx": {"path":"C:\\Users\\Han\\Desktop\\MathSphere\\client\\src\\components\\editor\\ImageUploadButton.jsx","statementMap":{"0":{"start":{"line":7,"column":26},"end":{"line":57,"column":1}},"1":{"start":{"line":8,"column":23},"end":{"line":8,"column":35}},"2":{"start":{"line":9,"column":44},"end":{"line":9,"column":60}},"3":{"start":{"line":10,"column":16},"end":{"line":10,"column":29}},"4":{"start":{"line":12,"column":22},"end":{"line":14,"column":3}},"5":{"start":{"line":13,"column":4},"end":{"line":13,"column":34}},"6":{"start":{"line":16,"column":27},"end":{"line":29,"column":3}},"7":{"start":{"line":17,"column":17},"end":{"line":17,"column":40}},"8":{"start":{"line":18,"column":4},"end":{"line":18,"column":22}},"9":{"start":{"line":18,"column":15},"end":{"line":18,"column":22}},"10":{"start":{"line":20,"column":4},"end":{"line":25,"column":5}},"11":{"start":{"line":21,"column":23},"end":{"line":21,"column":46}},"12":{"start":{"line":22,"column":6},"end":{"line":22,"column":30}},"13":{"start":{"line":24,"column":6},"end":{"line":24,"column":52}},"14":{"start":{"line":28,"column":4},"end":{"line":28,"column":28}},"15":{"start":{"line":31,"column":2},"end":{"line":56,"column":4}}},"fnMap":{"0":{"name":"(anonymous_0)","decl":{"start":{"line":7,"column":26},"end":{"line":7,"column":27}},"loc":{"start":{"line":7,"column":49},"end":{"line":57,"column":1}},"line":7},"1":{"name":"(anonymous_1)","decl":{"start":{"line":12,"column":22},"end":{"line":12,"column":23}},"loc":{"start":{"line":12,"column":28},"end":{"line":14,"column":3}},"line":12},"2":{"name":"(anonymous_2)","decl":{"start":{"line":16,"column":27},"end":{"line":16,"column":28}},"loc":{"start":{"line":16,"column":44},"end":{"line":29,"column":3}},"line":16}},"branchMap":{"0":{"loc":{"start":{"line":18,"column":4},"end":{"line":18,"column":22}},"type":"if","locations":[{"start":{"line":18,"column":4},"end":{"line":18,"column":22}},{"start":{"line":18,"column":4},"end":{"line":18,"column":22}}],"line":18},"1":{"loc":{"start":{"line":47,"column":13},"end":{"line":51,"column":13}},"type":"cond-expr","locations":[{"start":{"line":48,"column":14},"end":{"line":48,"column":44}},{"start":{"line":50,"column":14},"end":{"line":50,"column":44}}],"line":47}},"s":{"0":0,"1":0,"2":0,"3":0,"4":0,"5":0,"6":0,"7":0,"8":0,"9":0,"10":0,"11":0,"12":0,"13":0,"14":0,"15":0},"f":{"0":0,"1":0,"2":0},"b":{"0":[0,0],"1":[0,0]},"hash":"1a91b3f7afa887d2388adde94226121b3a9aaa7b"}
,"C:\\Users\\Han\\Desktop\\MathSphere\\client\\src\\components\\feedback\\FeedbackModal.jsx": {"path":"C:\\Users\\Han\\Desktop\\MathSphere\\client\\src\\components\\feedback\\FeedbackModal.jsx","statementMap":{"0":{"start":{"line":18,"column":22},"end":{"line":106,"column":1}},"1":{"start":{"line":19,"column":34},"end":{"line":19,"column":46}},"2":{"start":{"line":20,"column":32},"end":{"line":20,"column":47}},"3":{"start":{"line":21,"column":28},"end":{"line":21,"column":42}},"4":{"start":{"line":22,"column":32},"end":{"line":22,"column":47}},"5":{"start":{"line":24,"column":23},"end":{"line":46,"column":3}},"6":{"start":{"line":25,"column":4},"end":{"line":28,"column":5}},"7":{"start":{"line":26,"column":6},"end":{"line":26,"column":45}},"8":{"start":{"line":27,"column":6},"end":{"line":27,"column":13}},"9":{"start":{"line":30,"column":4},"end":{"line":30,"column":21}},"10":{"start":{"line":31,"column":4},"end":{"line":31,"column":19}},"11":{"start":{"line":33,"column":4},"end":{"line":45,"column":5}},"12":{"start":{"line":34,"column":6},"end":{"line":34,"column":62}},"13":{"start":{"line":35,"column":6},"end":{"line":35,"column":23}},"14":{"start":{"line":36,"column":6},"end":{"line":36,"column":22}},"15":{"start":{"line":37,"column":6},"end":{"line":40,"column":15}},"16":{"start":{"line":38,"column":8},"end":{"line":38,"column":18}},"17":{"start":{"line":39,"column":8},"end":{"line":39,"column":26}},"18":{"start":{"line":42,"column":6},"end":{"line":42,"column":63}},"19":{"start":{"line":44,"column":6},"end":{"line":44,"column":24}},"20":{"start":{"line":48,"column":22},"end":{"line":52,"column":3}},"21":{"start":{"line":49,"column":4},"end":{"line":49,"column":20}},"22":{"start":{"line":50,"column":4},"end":{"line":50,"column":19}},"23":{"start":{"line":51,"column":4},"end":{"line":51,"column":14}},"24":{"start":{"line":54,"column":2},"end":{"line":105,"column":4}},"25":{"start":{"line":74,"column":29},"end":{"line":74,"column":56}},"26":{"start":{"line":98,"column":23},"end":{"line":98,"column":40}},"27":{"start":{"line":100,"column":49},"end":{"line":100,"column":66}}},"fnMap":{"0":{"name":"(anonymous_0)","decl":{"start":{"line":18,"column":22},"end":{"line":18,"column":23}},"loc":{"start":{"line":18,"column":59},"end":{"line":106,"column":1}},"line":18},"1":{"name":"(anonymous_1)","decl":{"start":{"line":24,"column":23},"end":{"line":24,"column":24}},"loc":{"start":{"line":24,"column":35},"end":{"line":46,"column":3}},"line":24},"2":{"name":"(anonymous_2)","decl":{"start":{"line":37,"column":17},"end":{"line":37,"column":18}},"loc":{"start":{"line":37,"column":23},"end":{"line":40,"column":7}},"line":37},"3":{"name":"(anonymous_3)","decl":{"start":{"line":48,"column":22},"end":{"line":48,"column":23}},"loc":{"start":{"line":48,"column":28},"end":{"line":52,"column":3}},"line":48},"4":{"name":"(anonymous_4)","decl":{"start":{"line":74,"column":22},"end":{"line":74,"column":23}},"loc":{"start":{"line":74,"column":29},"end":{"line":74,"column":56}},"line":74},"5":{"name":"(anonymous_5)","decl":{"start":{"line":98,"column":17},"end":{"line":98,"column":18}},"loc":{"start":{"line":98,"column":23},"end":{"line":98,"column":40}},"line":98},"6":{"name":"(anonymous_6)","decl":{"start":{"line":100,"column":43},"end":{"line":100,"column":44}},"loc":{"start":{"line":100,"column":49},"end":{"line":100,"column":66}},"line":100}},"branchMap":{"0":{"loc":{"start":{"line":18,"column":40},"end":{"line":18,"column":52}},"type":"default-arg","locations":[{"start":{"line":18,"column":50},"end":{"line":18,"column":52}}],"line":18},"1":{"loc":{"start":{"line":25,"column":4},"end":{"line":28,"column":5}},"type":"if","locations":[{"start":{"line":25,"column":4},"end":{"line":28,"column":5}},{"start":{"line":25,"column":4},"end":{"line":28,"column":5}}],"line":25}},"s":{"0":0,"1":0,"2":0,"3":0,"4":0,"5":0,"6":0,"7":0,"8":0,"9":0,"10":0,"11":0,"12":0,"13":0,"14":0,"15":0,"16":0,"17":0,"18":0,"19":0,"20":0,"21":0,"22":0,"23":0,"24":0,"25":0,"26":0,"27":0},"f":{"0":0,"1":0,"2":0,"3":0,"4":0,"5":0,"6":0},"b":{"0":[0],"1":[0,0]},"hash":"fd9d4a2cd3d0e1c0faf77faa1eb00dd232a0026d"}
,"C:\\Users\\Han\\Desktop\\MathSphere\\client\\src\\components\\forum\\CreateThreadDialog.jsx": {"path":"C:\\Users\\Han\\Desktop\\MathSphere\\client\\src\\components\\forum\\CreateThreadDialog.jsx","statementMap":{"0":{"start":{"line":30,"column":27},"end":{"line":272,"column":1}},"1":{"start":{"line":31,"column":16},"end":{"line":31,"column":29}},"2":{"start":{"line":32,"column":16},"end":{"line":32,"column":26}},"3":{"start":{"line":33,"column":28},"end":{"line":33,"column":40}},"4":{"start":{"line":34,"column":32},"end":{"line":34,"column":44}},"5":{"start":{"line":35,"column":34},"end":{"line":35,"column":46}},"6":{"start":{"line":36,"column":26},"end":{"line":36,"column":38}},"7":{"start":{"line":37,"column":34},"end":{"line":37,"column":46}},"8":{"start":{"line":38,"column":28},"end":{"line":38,"column":40}},"9":{"start":{"line":39,"column":42},"end":{"line":39,"column":57}},"10":{"start":{"line":42,"column":2},"end":{"line":52,"column":13}},"11":{"start":{"line":43,"column":4},"end":{"line":51,"column":5}},"12":{"start":{"line":44,"column":6},"end":{"line":44,"column":19}},"13":{"start":{"line":45,"column":6},"end":{"line":45,"column":21}},"14":{"start":{"line":46,"column":6},"end":{"line":46,"column":22}},"15":{"start":{"line":47,"column":6},"end":{"line":47,"column":18}},"16":{"start":{"line":48,"column":6},"end":{"line":48,"column":22}},"17":{"start":{"line":49,"column":6},"end":{"line":49,"column":19}},"18":{"start":{"line":50,"column":6},"end":{"line":50,"column":29}},"19":{"start":{"line":55,"column":23},"end":{"line":92,"column":3}},"20":{"start":{"line":56,"column":4},"end":{"line":56,"column":23}},"21":{"start":{"line":57,"column":4},"end":{"line":57,"column":17}},"22":{"start":{"line":58,"column":4},"end":{"line":58,"column":26}},"23":{"start":{"line":60,"column":4},"end":{"line":91,"column":5}},"24":{"start":{"line":62,"column":6},"end":{"line":64,"column":7}},"25":{"start":{"line":63,"column":8},"end":{"line":63,"column":57}},"26":{"start":{"line":65,"column":6},"end":{"line":67,"column":7}},"27":{"start":{"line":66,"column":8},"end":{"line":66,"column":59}},"28":{"start":{"line":68,"column":6},"end":{"line":70,"column":7}},"29":{"start":{"line":69,"column":8},"end":{"line":69,"column":60}},"30":{"start":{"line":73,"column":6},"end":{"line":78,"column":9}},"31":{"start":{"line":77,"column":30},"end":{"line":77,"column":40}},"32":{"start":{"line":81,"column":6},"end":{"line":81,"column":19}},"33":{"start":{"line":82,"column":6},"end":{"line":82,"column":21}},"34":{"start":{"line":83,"column":6},"end":{"line":83,"column":22}},"35":{"start":{"line":84,"column":6},"end":{"line":84,"column":18}},"36":{"start":{"line":85,"column":6},"end":{"line":85,"column":22}},"37":{"start":{"line":86,"column":6},"end":{"line":86,"column":19}},"38":{"start":{"line":88,"column":6},"end":{"line":88,"column":28}},"39":{"start":{"line":90,"column":6},"end":{"line":90,"column":29}},"40":{"start":{"line":95,"column":31},"end":{"line":97,"column":3}},"41":{"start":{"line":96,"column":4},"end":{"line":96,"column":32}},"42":{"start":{"line":100,"column":33},"end":{"line":108,"column":3}},"43":{"start":{"line":101,"column":4},"end":{"line":107,"column":5}},"44":{"start":{"line":102,"column":6},"end":{"line":102,"column":25}},"45":{"start":{"line":103,"column":6},"end":{"line":106,"column":7}},"46":{"start":{"line":104,"column":8},"end":{"line":104,"column":44}},"47":{"start":{"line":105,"column":8},"end":{"line":105,"column":24}},"48":{"start":{"line":111,"column":26},"end":{"line":113,"column":3}},"49":{"start":{"line":112,"column":4},"end":{"line":112,"column":53}},"50":{"start":{"line":112,"column":31},"end":{"line":112,"column":50}},"51":{"start":{"line":115,"column":2},"end":{"line":271,"column":4}},"52":{"start":{"line":161,"column":29},"end":{"line":161,"column":53}},"53":{"start":{"line":178,"column":31},"end":{"line":178,"column":58}},"54":{"start":{"line":218,"column":20},"end":{"line":225,"column":22}},"55":{"start":{"line":221,"column":38},"end":{"line":221,"column":58}},"56":{"start":{"line":235,"column":29},"end":{"line":235,"column":55}}},"fnMap":{"0":{"name":"(anonymous_0)","decl":{"start":{"line":30,"column":27},"end":{"line":30,"column":28}},"loc":{"start":{"line":30,"column":60},"end":{"line":272,"column":1}},"line":30},"1":{"name":"(anonymous_1)","decl":{"start":{"line":42,"column":12},"end":{"line":42,"column":13}},"loc":{"start":{"line":42,"column":18},"end":{"line":52,"column":3}},"line":42},"2":{"name":"(anonymous_2)","decl":{"start":{"line":55,"column":23},"end":{"line":55,"column":24}},"loc":{"start":{"line":55,"column":36},"end":{"line":92,"column":3}},"line":55},"3":{"name":"(anonymous_3)","decl":{"start":{"line":77,"column":23},"end":{"line":77,"column":24}},"loc":{"start":{"line":77,"column":30},"end":{"line":77,"column":40}},"line":77},"4":{"name":"(anonymous_4)","decl":{"start":{"line":95,"column":31},"end":{"line":95,"column":32}},"loc":{"start":{"line":95,"column":38},"end":{"line":97,"column":3}},"line":95},"5":{"name":"(anonymous_5)","decl":{"start":{"line":100,"column":33},"end":{"line":100,"column":34}},"loc":{"start":{"line":100,"column":40},"end":{"line":108,"column":3}},"line":100},"6":{"name":"(anonymous_6)","decl":{"start":{"line":111,"column":26},"end":{"line":111,"column":27}},"loc":{"start":{"line":111,"column":43},"end":{"line":113,"column":3}},"line":111},"7":{"name":"(anonymous_7)","decl":{"start":{"line":112,"column":24},"end":{"line":112,"column":25}},"loc":{"start":{"line":112,"column":31},"end":{"line":112,"column":50}},"line":112},"8":{"name":"(anonymous_8)","decl":{"start":{"line":161,"column":22},"end":{"line":161,"column":23}},"loc":{"start":{"line":161,"column":29},"end":{"line":161,"column":53}},"line":161},"9":{"name":"(anonymous_9)","decl":{"start":{"line":178,"column":24},"end":{"line":178,"column":25}},"loc":{"start":{"line":178,"column":31},"end":{"line":178,"column":58}},"line":178},"10":{"name":"(anonymous_10)","decl":{"start":{"line":217,"column":28},"end":{"line":217,"column":29}},"loc":{"start":{"line":218,"column":20},"end":{"line":225,"column":22}},"line":218},"11":{"name":"(anonymous_11)","decl":{"start":{"line":221,"column":32},"end":{"line":221,"column":33}},"loc":{"start":{"line":221,"column":38},"end":{"line":221,"column":58}},"line":221},"12":{"name":"(anonymous_12)","decl":{"start":{"line":235,"column":22},"end":{"line":235,"column":23}},"loc":{"start":{"line":235,"column":29},"end":{"line":235,"column":55}},"line":235}},"branchMap":{"0":{"loc":{"start":{"line":43,"column":4},"end":{"line":51,"column":5}},"type":"if","locations":[{"start":{"line":43,"column":4},"end":{"line":51,"column":5}},{"start":{"line":43,"column":4},"end":{"line":51,"column":5}}],"line":43},"1":{"loc":{"start":{"line":62,"column":6},"end":{"line":64,"column":7}},"type":"if","locations":[{"start":{"line":62,"column":6},"end":{"line":64,"column":7}},{"start":{"line":62,"column":6},"end":{"line":64,"column":7}}],"line":62},"2":{"loc":{"start":{"line":65,"column":6},"end":{"line":67,"column":7}},"type":"if","locations":[{"start":{"line":65,"column":6},"end":{"line":67,"column":7}},{"start":{"line":65,"column":6},"end":{"line":67,"column":7}}],"line":65},"3":{"loc":{"start":{"line":68,"column":6},"end":{"line":70,"column":7}},"type":"if","locations":[{"start":{"line":68,"column":6},"end":{"line":70,"column":7}},{"start":{"line":68,"column":6},"end":{"line":70,"column":7}}],"line":68},"4":{"loc":{"start":{"line":101,"column":4},"end":{"line":107,"column":5}},"type":"if","locations":[{"start":{"line":101,"column":4},"end":{"line":107,"column":5}},{"start":{"line":101,"column":4},"end":{"line":107,"column":5}}],"line":101},"5":{"loc":{"start":{"line":101,"column":8},"end":{"line":101,"column":44}},"type":"binary-expr","locations":[{"start":{"line":101,"column":8},"end":{"line":101,"column":25}},{"start":{"line":101,"column":29},"end":{"line":101,"column":44}}],"line":101},"6":{"loc":{"start":{"line":103,"column":6},"end":{"line":106,"column":7}},"type":"if","locations":[{"start":{"line":103,"column":6},"end":{"line":106,"column":7}},{"start":{"line":103,"column":6},"end":{"line":106,"column":7}}],"line":103},"7":{"loc":{"start":{"line":103,"column":10},"end":{"line":103,"column":60}},"type":"binary-expr","locations":[{"start":{"line":103,"column":10},"end":{"line":103,"column":25}},{"start":{"line":103,"column":29},"end":{"line":103,"column":60}}],"line":103},"8":{"loc":{"start":{"line":146,"column":9},"end":{"line":155,"column":9}},"type":"binary-expr","locations":[{"start":{"line":146,"column":9},"end":{"line":146,"column":14}},{"start":{"line":147,"column":10},"end":{"line":154,"column":18}}],"line":146},"9":{"loc":{"start":{"line":165,"column":19},"end":{"line":165,"column":41}},"type":"binary-expr","locations":[{"start":{"line":165,"column":19},"end":{"line":165,"column":24}},{"start":{"line":165,"column":28},"end":{"line":165,"column":41}}],"line":165},"10":{"loc":{"start":{"line":166,"column":24},"end":{"line":166,"column":85}},"type":"cond-expr","locations":[{"start":{"line":166,"column":49},"end":{"line":166,"column":80}},{"start":{"line":166,"column":83},"end":{"line":166,"column":85}}],"line":166},"11":{"loc":{"start":{"line":166,"column":24},"end":{"line":166,"column":46}},"type":"binary-expr","locations":[{"start":{"line":166,"column":24},"end":{"line":166,"column":29}},{"start":{"line":166,"column":33},"end":{"line":166,"column":46}}],"line":166},"12":{"loc":{"start":{"line":169,"column":30},"end":{"line":169,"column":71}},"type":"cond-expr","locations":[{"start":{"line":169,"column":55},"end":{"line":169,"column":61}},{"start":{"line":169,"column":64},"end":{"line":169,"column":71}}],"line":169},"13":{"loc":{"start":{"line":169,"column":30},"end":{"line":169,"column":52}},"type":"binary-expr","locations":[{"start":{"line":169,"column":30},"end":{"line":169,"column":35}},{"start":{"line":169,"column":39},"end":{"line":169,"column":52}}],"line":169},"14":{"loc":{"start":{"line":173,"column":49},"end":{"line":173,"column":67}},"type":"binary-expr","locations":[{"start":{"line":173,"column":49},"end":{"line":173,"column":54}},{"start":{"line":173,"column":58},"end":{"line":173,"column":67}}],"line":173},"15":{"loc":{"start":{"line":181,"column":28},"end":{"line":181,"column":65}},"type":"cond-expr","locations":[{"start":{"line":181,"column":49},"end":{"line":181,"column":55}},{"start":{"line":181,"column":58},"end":{"line":181,"column":65}}],"line":181},"16":{"loc":{"start":{"line":181,"column":28},"end":{"line":181,"column":46}},"type":"binary-expr","locations":[{"start":{"line":181,"column":28},"end":{"line":181,"column":33}},{"start":{"line":181,"column":37},"end":{"line":181,"column":46}}],"line":181},"17":{"loc":{"start":{"line":188,"column":13},"end":{"line":192,"column":13}},"type":"binary-expr","locations":[{"start":{"line":188,"column":13},"end":{"line":188,"column":18}},{"start":{"line":188,"column":22},"end":{"line":188,"column":31}},{"start":{"line":189,"column":14},"end":{"line":191,"column":27}}],"line":188},"18":{"loc":{"start":{"line":240,"column":19},"end":{"line":240,"column":43}},"type":"binary-expr","locations":[{"start":{"line":240,"column":19},"end":{"line":240,"column":24}},{"start":{"line":240,"column":28},"end":{"line":240,"column":43}}],"line":240},"19":{"loc":{"start":{"line":242,"column":14},"end":{"line":244,"column":40}},"type":"cond-expr","locations":[{"start":{"line":243,"column":18},"end":{"line":243,"column":51}},{"start":{"line":244,"column":18},"end":{"line":244,"column":40}}],"line":242},"20":{"loc":{"start":{"line":242,"column":14},"end":{"line":242,"column":38}},"type":"binary-expr","locations":[{"start":{"line":242,"column":14},"end":{"line":242,"column":19}},{"start":{"line":242,"column":23},"end":{"line":242,"column":38}}],"line":242},"21":{"loc":{"start":{"line":248,"column":30},"end":{"line":248,"column":73}},"type":"cond-expr","locations":[{"start":{"line":248,"column":57},"end":{"line":248,"column":63}},{"start":{"line":248,"column":66},"end":{"line":248,"column":73}}],"line":248},"22":{"loc":{"start":{"line":248,"column":30},"end":{"line":248,"column":54}},"type":"binary-expr","locations":[{"start":{"line":248,"column":30},"end":{"line":248,"column":35}},{"start":{"line":248,"column":39},"end":{"line":248,"column":54}}],"line":248},"23":{"loc":{"start":{"line":267,"column":11},"end":{"line":267,"column":68}},"type":"cond-expr","locations":[{"start":{"line":267,"column":26},"end":{"line":267,"column":48}},{"start":{"line":267,"column":51},"end":{"line":267,"column":68}}],"line":267}},"s":{"0":0,"1":0,"2":0,"3":0,"4":0,"5":0,"6":0,"7":0,"8":0,"9":0,"10":0,"11":0,"12":0,"13":0,"14":0,"15":0,"16":0,"17":0,"18":0,"19":0,"20":0,"21":0,"22":0,"23":0,"24":0,"25":0,"26":0,"27":0,"28":0,"29":0,"30":0,"31":0,"32":0,"33":0,"34":0,"35":0,"36":0,"37":0,"38":0,"39":0,"40":0,"41":0,"42":0,"43":0,"44":0,"45":0,"46":0,"47":0,"48":0,"49":0,"50":0,"51":0,"52":0,"53":0,"54":0,"55":0,"56":0},"f":{"0":0,"1":0,"2":0,"3":0,"4":0,"5":0,"6":0,"7":0,"8":0,"9":0,"10":0,"11":0,"12":0},"b":{"0":[0,0],"1":[0,0],"2":[0,0],"3":[0,0],"4":[0,0],"5":[0,0],"6":[0,0],"7":[0,0],"8":[0,0],"9":[0,0],"10":[0,0],"11":[0,0],"12":[0,0],"13":[0,0],"14":[0,0],"15":[0,0],"16":[0,0],"17":[0,0,0],"18":[0,0],"19":[0,0],"20":[0,0],"21":[0,0],"22":[0,0],"23":[0,0]},"hash":"bfca64889142ce17bc75cd7bb94b902cae3797d9"}
,"C:\\Users\\Han\\Desktop\\MathSphere\\client\\src\\components\\layout\\AdminLayout.jsx": {"path":"C:\\Users\\Han\\Desktop\\MathSphere\\client\\src\\components\\layout\\AdminLayout.jsx","statementMap":{"0":{"start":{"line":32,"column":20},"end":{"line":32,"column":23}},"1":{"start":{"line":34,"column":20},"end":{"line":171,"column":1}},"2":{"start":{"line":35,"column":38},"end":{"line":35,"column":53}},"3":{"start":{"line":36,"column":16},"end":{"line":36,"column":26}},"4":{"start":{"line":37,"column":19},"end":{"line":37,"column":62}},"5":{"start":{"line":38,"column":19},"end":{"line":38,"column":32}},"6":{"start":{"line":39,"column":19},"end":{"line":39,"column":32}},"7":{"start":{"line":40,"column":16},"end":{"line":40,"column":29}},"8":{"start":{"line":42,"column":20},"end":{"line":49,"column":3}},"9":{"start":{"line":51,"column":29},"end":{"line":53,"column":3}},"10":{"start":{"line":52,"column":4},"end":{"line":52,"column":31}},"11":{"start":{"line":55,"column":27},"end":{"line":60,"column":3}},"12":{"start":{"line":56,"column":4},"end":{"line":56,"column":19}},"13":{"start":{"line":57,"column":4},"end":{"line":59,"column":5}},"14":{"start":{"line":58,"column":6},"end":{"line":58,"column":27}},"15":{"start":{"line":63,"column":4},"end":{"line":107,"column":10}},"16":{"start":{"line":82,"column":10},"end":{"line":104,"column":21}},"17":{"start":{"line":85,"column":27},"end":{"line":85,"column":54}},"18":{"start":{"line":110,"column":2},"end":{"line":170,"column":4}}},"fnMap":{"0":{"name":"(anonymous_0)","decl":{"start":{"line":34,"column":20},"end":{"line":34,"column":21}},"loc":{"start":{"line":34,"column":38},"end":{"line":171,"column":1}},"line":34},"1":{"name":"(anonymous_1)","decl":{"start":{"line":51,"column":29},"end":{"line":51,"column":30}},"loc":{"start":{"line":51,"column":35},"end":{"line":53,"column":3}},"line":51},"2":{"name":"(anonymous_2)","decl":{"start":{"line":55,"column":27},"end":{"line":55,"column":28}},"loc":{"start":{"line":55,"column":37},"end":{"line":60,"column":3}},"line":55},"3":{"name":"(anonymous_3)","decl":{"start":{"line":81,"column":23},"end":{"line":81,"column":24}},"loc":{"start":{"line":82,"column":10},"end":{"line":104,"column":21}},"line":82},"4":{"name":"(anonymous_4)","decl":{"start":{"line":85,"column":21},"end":{"line":85,"column":22}},"loc":{"start":{"line":85,"column":27},"end":{"line":85,"column":54}},"line":85}},"branchMap":{"0":{"loc":{"start":{"line":57,"column":4},"end":{"line":59,"column":5}},"type":"if","locations":[{"start":{"line":57,"column":4},"end":{"line":59,"column":5}},{"start":{"line":57,"column":4},"end":{"line":59,"column":5}}],"line":57},"1":{"loc":{"start":{"line":98,"column":23},"end":{"line":98,"column":83}},"type":"cond-expr","locations":[{"start":{"line":98,"column":57},"end":{"line":98,"column":71}},{"start":{"line":98,"column":74},"end":{"line":98,"column":83}}],"line":98},"2":{"loc":{"start":{"line":140,"column":19},"end":{"line":140,"column":55}},"type":"cond-expr","locations":[{"start":{"line":140,"column":30},"end":{"line":140,"column":41}},{"start":{"line":140,"column":44},"end":{"line":140,"column":55}}],"line":140}},"s":{"0":0,"1":0,"2":0,"3":0,"4":0,"5":0,"6":0,"7":0,"8":0,"9":0,"10":0,"11":0,"12":0,"13":0,"14":0,"15":0,"16":0,"17":0,"18":0},"f":{"0":0,"1":0,"2":0,"3":0,"4":0},"b":{"0":[0,0],"1":[0,0],"2":[0,0]},"hash":"e16af2091588e18c44a42bff34be44411ed34dfc"}
,"C:\\Users\\Han\\Desktop\\MathSphere\\client\\src\\components\\layout\\AppBar.jsx": {"path":"C:\\Users\\Han\\Desktop\\MathSphere\\client\\src\\components\\layout\\AppBar.jsx","statementMap":{"0":{"start":{"line":48,"column":15},"end":{"line":439,"column":1}},"1":{"start":{"line":49,"column":19},"end":{"line":49,"column":32}},"2":{"start":{"line":50,"column":16},"end":{"line":50,"column":26}},"3":{"start":{"line":51,"column":19},"end":{"line":51,"column":62}},"4":{"start":{"line":52,"column":16},"end":{"line":52,"column":29}},"5":{"start":{"line":53,"column":39},"end":{"line":53,"column":52}},"6":{"start":{"line":54,"column":36},"end":{"line":54,"column":49}},"7":{"start":{"line":55,"column":27},"end":{"line":55,"column":36}},"8":{"start":{"line":56,"column":34},"end":{"line":56,"column":54}},"9":{"start":{"line":57,"column":54},"end":{"line":57,"column":74}},"10":{"start":{"line":58,"column":58},"end":{"line":58,"column":78}},"11":{"start":{"line":61,"column":2},"end":{"line":61,"column":60}},"12":{"start":{"line":62,"column":2},"end":{"line":62,"column":73}},"13":{"start":{"line":63,"column":2},"end":{"line":63,"column":73}},"14":{"start":{"line":64,"column":2},"end":{"line":64,"column":75}},"15":{"start":{"line":66,"column":30},"end":{"line":68,"column":3}},"16":{"start":{"line":67,"column":4},"end":{"line":67,"column":37}},"17":{"start":{"line":70,"column":32},"end":{"line":72,"column":3}},"18":{"start":{"line":71,"column":4},"end":{"line":71,"column":47}},"19":{"start":{"line":74,"column":34},"end":{"line":76,"column":3}},"20":{"start":{"line":75,"column":4},"end":{"line":75,"column":49}},"21":{"start":{"line":78,"column":22},"end":{"line":82,"column":3}},"22":{"start":{"line":79,"column":4},"end":{"line":79,"column":22}},"23":{"start":{"line":80,"column":4},"end":{"line":80,"column":32}},"24":{"start":{"line":81,"column":4},"end":{"line":81,"column":34}},"25":{"start":{"line":84,"column":31},"end":{"line":87,"column":3}},"26":{"start":{"line":85,"column":4},"end":{"line":85,"column":22}},"27":{"start":{"line":86,"column":4},"end":{"line":86,"column":18}},"28":{"start":{"line":89,"column":24},"end":{"line":92,"column":3}},"29":{"start":{"line":90,"column":4},"end":{"line":90,"column":25}},"30":{"start":{"line":91,"column":4},"end":{"line":91,"column":18}},"31":{"start":{"line":94,"column":23},"end":{"line":97,"column":3}},"32":{"start":{"line":95,"column":4},"end":{"line":95,"column":13}},"33":{"start":{"line":96,"column":4},"end":{"line":96,"column":18}},"34":{"start":{"line":99,"column":26},"end":{"line":102,"column":3}},"35":{"start":{"line":100,"column":4},"end":{"line":100,"column":27}},"36":{"start":{"line":101,"column":4},"end":{"line":101,"column":18}},"37":{"start":{"line":104,"column":27},"end":{"line":111,"column":3}},"38":{"start":{"line":105,"column":4},"end":{"line":110,"column":5}},"39":{"start":{"line":106,"column":17},"end":{"line":106,"column":34}},"40":{"start":{"line":107,"column":17},"end":{"line":107,"column":35}},"41":{"start":{"line":108,"column":17},"end":{"line":108,"column":34}},"42":{"start":{"line":109,"column":15},"end":{"line":109,"column":32}},"43":{"start":{"line":113,"column":31},"end":{"line":120,"column":3}},"44":{"start":{"line":114,"column":4},"end":{"line":119,"column":5}},"45":{"start":{"line":115,"column":17},"end":{"line":115,"column":31}},"46":{"start":{"line":116,"column":17},"end":{"line":116,"column":31}},"47":{"start":{"line":117,"column":17},"end":{"line":117,"column":31}},"48":{"start":{"line":118,"column":15},"end":{"line":118,"column":29}},"49":{"start":{"line":123,"column":4},"end":{"line":166,"column":11}},"50":{"start":{"line":170,"column":4},"end":{"line":200,"column":11}},"51":{"start":{"line":191,"column":31},"end":{"line":191,"column":57}},"52":{"start":{"line":194,"column":31},"end":{"line":194,"column":57}},"53":{"start":{"line":197,"column":31},"end":{"line":197,"column":57}},"54":{"start":{"line":204,"column":4},"end":{"line":290,"column":11}},"55":{"start":{"line":276,"column":35},"end":{"line":276,"column":53}},"56":{"start":{"line":282,"column":35},"end":{"line":282,"column":54}},"57":{"start":{"line":293,"column":2},"end":{"line":438,"column":4}},"58":{"start":{"line":299,"column":27},"end":{"line":299,"column":50}},"59":{"start":{"line":411,"column":31},"end":{"line":411,"column":49}},"60":{"start":{"line":422,"column":31},"end":{"line":422,"column":50}}},"fnMap":{"0":{"name":"(anonymous_0)","decl":{"start":{"line":48,"column":15},"end":{"line":48,"column":16}},"loc":{"start":{"line":48,"column":52},"end":{"line":439,"column":1}},"line":48},"1":{"name":"(anonymous_1)","decl":{"start":{"line":66,"column":30},"end":{"line":66,"column":31}},"loc":{"start":{"line":66,"column":41},"end":{"line":68,"column":3}},"line":66},"2":{"name":"(anonymous_2)","decl":{"start":{"line":70,"column":32},"end":{"line":70,"column":33}},"loc":{"start":{"line":70,"column":43},"end":{"line":72,"column":3}},"line":70},"3":{"name":"(anonymous_3)","decl":{"start":{"line":74,"column":34},"end":{"line":74,"column":35}},"loc":{"start":{"line":74,"column":45},"end":{"line":76,"column":3}},"line":74},"4":{"name":"(anonymous_4)","decl":{"start":{"line":78,"column":22},"end":{"line":78,"column":23}},"loc":{"start":{"line":78,"column":28},"end":{"line":82,"column":3}},"line":78},"5":{"name":"(anonymous_5)","decl":{"start":{"line":84,"column":31},"end":{"line":84,"column":32}},"loc":{"start":{"line":84,"column":41},"end":{"line":87,"column":3}},"line":84},"6":{"name":"(anonymous_6)","decl":{"start":{"line":89,"column":24},"end":{"line":89,"column":25}},"loc":{"start":{"line":89,"column":30},"end":{"line":92,"column":3}},"line":89},"7":{"name":"(anonymous_7)","decl":{"start":{"line":94,"column":23},"end":{"line":94,"column":24}},"loc":{"start":{"line":94,"column":29},"end":{"line":97,"column":3}},"line":94},"8":{"name":"(anonymous_8)","decl":{"start":{"line":99,"column":26},"end":{"line":99,"column":27}},"loc":{"start":{"line":99,"column":32},"end":{"line":102,"column":3}},"line":99},"9":{"name":"(anonymous_9)","decl":{"start":{"line":104,"column":27},"end":{"line":104,"column":28}},"loc":{"start":{"line":104,"column":37},"end":{"line":111,"column":3}},"line":104},"10":{"name":"(anonymous_10)","decl":{"start":{"line"
[...]
,"C:\\Users\\Han\\Desktop\\MathSphere\\client\\src\\services\\forumService.js": {"path":"C:\\Users\\Han\\Desktop\\MathSphere\\client\\src\\services\\forumService.js","statementMap":{},"fnMap":{},"branchMap":{},"s":{},"f":{},"b":{},"hash":"44ecdde9e48adc30d3b878ab0ebc3496d0ccb68d"}
,"C:\\Users\\Han\\Desktop\\MathSphere\\client\\src\\utils\\authHeader.js": {"path":"C:\\Users\\Han\\Desktop\\MathSphere\\client\\src\\utils\\authHeader.js","statementMap":{"0":{"start":{"line":8,"column":26},"end":{"line":8,"column":59}},"1":{"start":{"line":10,"column":2},"end":{"line":20,"column":3}},"2":{"start":{"line":11,"column":4},"end":{"line":19,"column":5}},"3":{"start":{"line":12,"column":24},"end":{"line":12,"column":51}},"4":{"start":{"line":13,"column":6},"end":{"line":15,"column":7}},"5":{"start":{"line":14,"column":8},"end":{"line":14,"column":62}},"6":{"start":{"line":17,"column":6},"end":{"line":17,"column":69}},"7":{"start":{"line":18,"column":6},"end":{"line":18,"column":16}},"8":{"start":{"line":21,"column":2},"end":{"line":21,"column":12}}},"fnMap":{"0":{"name":"authHeader","decl":{"start":{"line":7,"column":24},"end":{"line":7,"column":34}},"loc":{"start":{"line":7,"column":37},"end":{"line":22,"column":1}},"line":7}},"branchMap":{"0":{"loc":{"start":{"line":10,"column":2},"end":{"line":20,"column":3}},"type":"if","locations":[{"start":{"line":10,"column":2},"end":{"line":20,"column":3}},{"start":{"line":10,"column":2},"end":{"line":20,"column":3}}],"line":10},"1":{"loc":{"start":{"line":13,"column":6},"end":{"line":15,"column":7}},"type":"if","locations":[{"start":{"line":13,"column":6},"end":{"line":15,"column":7}},{"start":{"line":13,"column":6},"end":{"line":15,"column":7}}],"line":13},"2":{"loc":{"start":{"line":13,"column":10},"end":{"line":13,"column":38}},"type":"binary-expr","locations":[{"start":{"line":13,"column":10},"end":{"line":13,"column":19}},{"start":{"line":13,"column":23},"end":{"line":13,"column":38}}],"line":13}},"s":{"0":0,"1":0,"2":0,"3":0,"4":0,"5":0,"6":0,"7":0,"8":0},"f":{"0":0},"b":{"0":[0,0],"1":[0,0],"2":[0,0]},"hash":"ab2e090f5c2b5bb3584715e07c2a5ebcbc403d43"}
,"C:\\Users\\Han\\Desktop\\MathSphere\\client\\src\\utils\\renderMathInElement.js": {"path":"C:\\Users\\Han\\Desktop\\MathSphere\\client\\src\\utils\\renderMathInElement.js","statementMap":{"0":{"start":{"line":4,"column":28},"end":{"line":58,"column":1}},"1":{"start":{"line":5,"column":2},"end":{"line":5,"column":23}},"2":{"start":{"line":5,"column":16},"end":{"line":5,"column":23}},"3":{"start":{"line":7,"column":25},"end":{"line":16,"column":3}},"4":{"start":{"line":18,"column":17},"end":{"line":18,"column":50}},"5":{"start":{"line":20,"column":21},"end":{"line":30,"column":3}},"6":{"start":{"line":21,"column":4},"end":{"line":29,"column":5}},"7":{"start":{"line":22,"column":6},"end":{"line":25,"column":9}},"8":{"start":{"line":27,"column":6},"end":{"line":27,"column":53}},"9":{"start":{"line":28,"column":6},"end":{"line":28,"column":18}},"10":{"start":{"line":32,"column":22},"end":{"line":55,"column":3}},"11":{"start":{"line":33,"column":4},"end":{"line":54,"column":5}},"12":{"start":{"line":34,"column":17},"end":{"line":34,"column":33}},"13":{"start":{"line":35,"column":20},"end":{"line":35,"column":24}},"14":{"start":{"line":37,"column":6},"end":{"line":40,"column":9}},"15":{"start":{"line":38,"column":22},"end":{"line":38,"column":61}},"16":{"start":{"line":39,"column":8},"end":{"line":39,"column":81}},"17":{"start":{"line":39,"column":54},"end":{"line":39,"column":79}},"18":{"start":{"line":42,"column":6},"end":{"line":49,"column":7}},"19":{"start":{"line":43,"column":21},"end":{"line":43,"column":50}},"20":{"start":{"line":44,"column":8},"end":{"line":44,"column":33}},"21":{"start":{"line":45,"column":8},"end":{"line":47,"column":9}},"22":{"start":{"line":46,"column":10},"end":{"line":46,"column":62}},"23":{"start":{"line":48,"column":8},"end":{"line":48,"column":42}},"24":{"start":{"line":50,"column":11},"end":{"line":54,"column":5}},"25":{"start":{"line":51,"column":6},"end":{"line":53,"column":7}},"26":{"start":{"line":52,"column":8},"end":{"line":52,"column":57}},"27":{"start":{"line":57,"column":2},"end":{"line":57,"column":23}}},"fnMap":{"0":{"name":"(anonymous_0)","decl":{"start":{"line":4,"column":28},"end":{"line":4,"column":29}},"loc":{"start":{"line":4,"column":55},"end":{"line":58,"column":1}},"line":4},"1":{"name":"(anonymous_1)","decl":{"start":{"line":20,"column":21},"end":{"line":20,"column":22}},"loc":{"start":{"line":20,"column":40},"end":{"line":30,"column":3}},"line":20},"2":{"name":"(anonymous_2)","decl":{"start":{"line":32,"column":22},"end":{"line":32,"column":23}},"loc":{"start":{"line":32,"column":32},"end":{"line":55,"column":3}},"line":32},"3":{"name":"(anonymous_3)","decl":{"start":{"line":37,"column":32},"end":{"line":37,"column":33}},"loc":{"start":{"line":37,"column":62},"end":{"line":40,"column":7}},"line":37},"4":{"name":"(anonymous_4)","decl":{"start":{"line":39,"column":41},"end":{"line":39,"column":42}},"loc":{"start":{"line":39,"column":54},"end":{"line":39,"column":79}},"line":39}},"branchMap":{"0":{"loc":{"start":{"line":4,"column":38},"end":{"line":4,"column":50}},"type":"default-arg","locations":[{"start":{"line":4,"column":48},"end":{"line":4,"column":50}}],"line":4},"1":{"loc":{"start":{"line":5,"column":2},"end":{"line":5,"column":23}},"type":"if","locations":[{"start":{"line":5,"column":2},"end":{"line":5,"column":23}},{"start":{"line":5,"column":2},"end":{"line":5,"column":23}}],"line":5},"2":{"loc":{"start":{"line":33,"column":4},"end":{"line":54,"column":5}},"type":"if","locations":[{"start":{"line":33,"column":4},"end":{"line":54,"column":5}},{"start":{"line":33,"column":4},"end":{"line":54,"column":5}}],"line":33},"3":{"loc":{"start":{"line":42,"column":6},"end":{"line":49,"column":7}},"type":"if","locations":[{"start":{"line":42,"column":6},"end":{"line":49,"column":7}},{"start":{"line":42,"column":6},"end":{"line":49,"column":7}}],"line":42},"4":{"loc":{"start":{"line":50,"column":11},"end":{"line":54,"column":5}},"type":"if","locations":[{"start":{"line":50,"column":11},"end":{"line":54,"column":5}},{"start":{"line":50,"column":11},"end":{"line":54,"column":5}}],"line":50},"5":{"loc":{"start":{"line":51,"column":6},"end":{"line":53,"column":7}},"type":"if","locations":[{"start":{"line":51,"column":6},"end":{"line":53,"column":7}},{"start":{"line":51,"column":6},"end":{"line":53,"column":7}}],"line":51},"6":{"loc":{"start":{"line":51,"column":10},"end":{"line":51,"column":63}},"type":"binary-expr","locations":[{"start":{"line":51,"column":10},"end":{"line":51,"column":35}},{"start":{"line":51,"column":39},"end":{"line":51,"column":63}}],"line":51}},"s":{"0":0,"1":0,"2":0,"3":0,"4":0,"5":0,"6":0,"7":0,"8":0,"9":0,"10":0,"11":0,"12":0,"13":0,"14":0,"15":0,"16":0,"17":0,"18":0,"19":0,"20":0,"21":0,"22":0,"23":0,"24":0,"25":0,"26":0,"27":0},"f":{"0":0,"1":0,"2":0,"3":0,"4":0},"b":{"0":[0],"1":[0,0],"2":[0,0],"3":[0,0],"4":[0,0],"5":[0,0],"6":[0,0]},"hash":"05aa78b6a64a23b72c72a7677e9a40a4ecaad652"}
,"C:\\Users\\Han\\Desktop\\MathSphere\\client\\src\\utils\\test-utils.jsx": {"path":"C:\\Users\\Han\\Desktop\\MathSphere\\client\\src\\utils\\test-utils.jsx","statementMap":{"0":{"start":{"line":12,"column":4},"end":{"line":20,"column":6}},"1":{"start":{"line":22,"column":2},"end":{"line":22,"column":57}},"2":{"start":{"line":26,"column":21},"end":{"line":31,"column":2}},"3":{"start":{"line":27,"column":43},"end":{"line":27,"column":48}},"4":{"start":{"line":28,"column":2},"end":{"line":30,"column":4}}},"fnMap":{"0":{"name":"render","decl":{"start":{"line":10,"column":9},"end":{"line":10,"column":15}},"loc":{"start":{"line":10,"column":29},"end":{"line":23,"column":1}},"line":10},"1":{"name":"Wrapper","decl":{"start":{"line":11,"column":11},"end":{"line":11,"column":18}},"loc":{"start":{"line":11,"column":33},"end":{"line":21,"column":3}},"line":11},"2":{"name":"CustomButton","decl":{"start":{"line":26,"column":47},"end":{"line":26,"column":59}},"loc":{"start":{"line":26,"column":72},"end":{"line":31,"column":1}},"line":26}},"branchMap":{},"s":{"0":7,"1":7,"2":1,"3":0,"4":0},"f":{"0":7,"1":7,"2":0},"b":{},"_coverageSchema":"43e27e138ebf9cfc5966b082cf9a028302ed4184","hash":"84036fbd7cbe33e056879294611fe961fe1c6fdf"}
,"C:\\Users\\Han\\Desktop\\MathSphere\\client\\src\\utils\\timeUtils.js": {"path":"C:\\Users\\Han\\Desktop\\MathSphere\\client\\src\\utils\\timeUtils.js","statementMap":{"0":{"start":{"line":6,"column":26},"end":{"line":10,"column":1}},"1":{"start":{"line":7,"column":18},"end":{"line":7,"column":42}},"2":{"start":{"line":8,"column":27},"end":{"line":8,"column":39}},"3":{"start":{"line":9,"column":2},"end":{"line":9,"column":98}}},"fnMap":{"0":{"name":"(anonymous_0)","decl":{"start":{"line":6,"column":26},"end":{"line":6,"column":27}},"loc":{"start":{"line":6,"column":39},"end":{"line":10,"column":1}},"line":6}},"branchMap":{},"s":{"0":0,"1":0,"2":0,"3":0},"f":{"0":0},"b":{},"hash":"0265408ed0b6384c270e40e7e76ab4b88f3b0272"}
,"C:\\Users\\Han\\Desktop\\MathSphere\\client\\src\\utils\\validation.js": {"path":"C:\\Users\\Han\\Desktop\\MathSphere\\client\\src\\utils\\validation.js","statementMap":{"0":{"start":{"line":7,"column":29},"end":{"line":7,"column":79}},"1":{"start":{"line":10,"column":37},"end":{"line":16,"column":1}},"2":{"start":{"line":23,"column":29},"end":{"line":27,"column":1}},"3":{"start":{"line":24,"column":2},"end":{"line":24,"column":41}},"4":{"start":{"line":24,"column":14},"end":{"line":24,"column":41}},"5":{"start":{"line":25,"column":2},"end":{"line":25,"column":78}},"6":{"start":{"line":25,"column":34},"end":{"line":25,"column":78}},"7":{"start":{"line":26,"column":2},"end":{"line":26,"column":14}},"8":{"start":{"line":34,"column":32},"end":{"line":52,"column":1}},"9":{"start":{"line":35,"column":2},"end":{"line":35,"column":47}},"10":{"start":{"line":35,"column":17},"end":{"line":35,"column":47}},"11":{"start":{"line":36,"column":2},"end":{"line":38,"column":3}},"12":{"start":{"line":37,"column":4},"end":{"line":37,"column":90}},"13":{"start":{"line":39,"column":2},"end":{"line":41,"column":3}},"14":{"start":{"line":40,"column":4},"end":{"line":40,"column":65}},"15":{"start":{"line":42,"column":2},"end":{"line":44,"column":3}},"16":{"start":{"line":43,"column":4},"end":{"line":43,"column":65}},"17":{"start":{"line":45,"column":2},"end":{"line":47,"column":3}},"18":{"start":{"line":46,"column":4},"end":{"line":46,"column":55}},"19":{"start":{"line":48,"column":2},"end":{"line":50,"column":3}},"20":{"start":{"line":49,"column":4},"end":{"line":49,"column":66}},"21":{"start":{"line":51,"column":2},"end":{"line":51,"column":14}},"22":{"start":{"line":60,"column":37},"end":{"line":64,"column":1}},"23":{"start":{"line":61,"column":2},"end":{"line":61,"column":62}},"24":{"start":{"line":61,"column":24},"end":{"line":61,"column":62}},"25":{"start":{"line":62,"column":2},"end":{"line":62,"column":68}},"26":{"start":{"line":62,"column":36},"end":{"line":62,"column":68}},"27":{"start":{"line":63,"column":2},"end":{"line":63,"column":14}},"28":{"start":{"line":72,"column":28},"end":{"line":79,"column":1}},"29":{"start":{"line":73,"column":2},"end":{"line":73,"column":47}},"30":{"start":{"line":73,"column":13},"end":{"line":73,"column":47}},"31":{"start":{"line":74,"column":2},"end":{"line":74,"column":80}},"32":{"start":{"line":74,"column":23},"end":{"line":74,"column":80}},"33":{"start":{"line":75,"column":2},"end":{"line":77,"column":3}},"34":{"start":{"line":76,"column":4},"end":{"line":76,"column":85}},"35":{"start":{"line":78,"column":2},"end":{"line":78,"column":14}},"36":{"start":{"line":87,"column":32},"end":{"line":90,"column":1}},"37":{"start":{"line":88,"column":2},"end":{"line":88,"column":71}},"38":{"start":{"line":88,"column":37},"end":{"line":88,"column":71}},"39":{"start":{"line":89,"column":2},"end":{"line":89,"column":14}},"40":{"start":{"line":100,"column":30},"end":{"line":109,"column":1}},"41":{"start":{"line":101,"column":2},"end":{"line":101,"column":26}},"42":{"start":{"line":101,"column":14},"end":{"line":101,"column":26}},"43":{"start":{"line":102,"column":2},"end":{"line":104,"column":3}},"44":{"start":{"line":103,"column":4},"end":{"line":103,"column":72}},"45":{"start":{"line":105,"column":2},"end":{"line":107,"column":3}},"46":{"start":{"line":106,"column":4},"end":{"line":106,"column":76}},"47":{"start":{"line":108,"column":2},"end":{"line":108,"column":14}}},"fnMap":{"0":{"name":"(anonymous_0)","decl":{"start":{"line":23,"column":29},"end":{"line":23,"column":30}},"loc":{"start":{"line":23,"column":40},"end":{"line":27,"column":1}},"line":23},"1":{"name":"(anonymous_1)","decl":{"start":{"line":34,"column":32},"end":{"line":34,"column":33}},"loc":{"start":{"line":34,"column":46},"end":{"line":52,"column":1}},"line":34},"2":{"name":"(anonymous_2)","decl":{"start":{"line":60,"column":37},"end":{"line":60,"column":38}},"loc":{"start":{"line":60,"column":68},"end":{"line":64,"column":1}},"line":60},"3":{"name":"(anonymous_3)","decl":{"start":{"line":72,"column":28},"end":{"line":72,"column":29}},"loc":{"start":{"line":72,"column":49},"end":{"line":79,"column":1}},"line":72},"4":{"name":"(anonymous_4)","decl":{"start":{"line":87,"column":32},"end":{"line":87,"column":33}},"loc":{"start":{"line":87,"column":54},"end":{"line":90,"column":1}},"line":87},"5":{"name":"(anonymous_5)","decl":{"start":{"line":100,"column":30},"end":{"line":100,"column":31}},"loc":{"start":{"line":100,"column":74},"end":{"line":109,"column":1}},"line":100}},"branchMap":{"0":{"loc":{"start":{"line":24,"column":2},"end":{"line":24,"column":41}},"type":"if","locations":[{"start":{"line":24,"column":2},"end":{"line":24,"column":41}},{"start":{"line":24,"column":2},"end":{"line":24,"column":41}}],"line":24},"1":{"loc":{"start":{"line":25,"column":2},"end":{"line":25,"column":78}},"type":"if","locations":[{"start":{"line":25,"column":2},"end":{"line":25,"column":78}},{"start":{"line":25,"column":2},"end":{"line":25,"column":78}}],"line":25},"2":{"loc":{"start":{"line":35,"column":2},"end":{"line":35,"column":47}},"type":"if","locations":[{"start":{"line":35,"column":2},"end":{"line":35,"column":47}},{"start":{"line":35,"column":2},"end":{"line":35,"column":47}}],"line":35},"3":{"loc":{"start":{"line":36,"column":2},"end":{"line":38,"column":3}},"type":"if","locations":[{"start":{"line":36,"column":2},"end":{"line":38,"column":3}},{"start":{"line":36,"column":2},"end":{"line":38,"column":3}}],"line":36},"4":{"loc":{"start":{"line":39,"column":2},"end":{"line":41,"column":3}},"type":"if","locations":[{"start":{"line":39,"column":2},"end":{"line":41,"column":3}},{"start":{"line":39,"column":2},"end":{"line":41,"column":3}}],"line":39},"5":{"loc":{"start":{"line":39,"column":6},"end":{"line":39,"column":71}},"type":"binary-expr","locations":[{"start":{"line":39,"column":6},"end":{"line":39,"column":44}},{"start":{"line":39,"column":48},"end":{"line":39,"column":71}}],"line":39},"6":{"loc":{"start":{"line":42,"column":2},"end":{"line":44,"column":3}},"type":"if","locations":[{"start":{"line":42,"column":2},"end":{"line":44,"column":3}},{"start":{"line":42,"column":2},"end":{"line":44,"column":3}}],"line":42},"7":{"loc":{"start":{"line":42,"column":6},"end":{"line":42,"column":71}},"type":"binary-expr","locations":[{"start":{"line":42,"column":6},"end":{"line":42,"column":44}},{"start":{"line":42,"column":48},"end":{"line":42,"column":71}}],"line":42},"8":{"loc":{"start":{"line":45,"column":2},"end":{"line":47,"column":3}},"type":"if","locations":[{"start":{"line":45,"column":2},"end":{"line":47,"column":3}},{"start":{"line":45,"column":2},"end":{"line":47,"column":3}}],"line":45},"9":{"loc":{"start":{"line":45,"column":6},"end":{"line":45,"column":65}},"type":"binary-expr","locations":[{"start":{"line":45,"column":6},"end":{"line":45,"column":41}},{"start":{"line":45,"column":45},"end":{"line":45,"column":65}}],"line":45},"10":{"loc":{"start":{"line":48,"column":2},"end":{"line":50,"column":3}},"type":"if","locations":[{"start":{"line":48,"column":2},"end":{"line":50,"column":3}},{"start":{"line":48,"column":2},"end":{"line":50,"column":3}}],"line":48},"11":{"loc":{"start":{"line":48,"column":6},"end":{"line":48,"column":86}},"type":"binary-expr","locations":[{"start":{"line":48,"column":6},"end":{"line":48,"column":42}},{"start":{"line":48,"column":46},"end":{"line":48,"column":86}}],"line":48},"12":{"loc":{"start":{"line":61,"column":2},"end":{"line":61,"column":62}},"type":"if","locations":[{"start":{"line":61,"column":2},"end":{"line":61,"column":62}},{"start":{"line":61,"column":2},"end":{"line":61,"column":62}}],"line":61},"13":{"loc":{"start":{"line":62,"column":2},"end":{"line":62,"column":68}},"type":"if","locations":[{"start":{"line":62,"column":2},"end":{"line":62,"column":68}},{"start":{"line":62,"column":2},"end":{"line":62,"column":68}}],"line":62},"14":{"loc":{"start":{"line":73,"column":2},"end":{"line":73,"column":47}},"type":"if","locations":[{"start":{"line":73,"column":2},"end":{"line":73,"column":47}},{"start":{"line":73,"column":2},"end":{"line":73,"column":47}}],"line":73},"15":{"loc":{"start":{"line":74,"column":2},"end":{"line":74,"column":80}},"type":"if","locations":[{"start":{"line":74,"column":2},"end":{"line":74,"column":80}},{"start":{"line":74,"column":2},"end":{"line":74,"column":80}}],"line":74},"16":{"loc":{"start":{"line":75,"column":2},"end":{"line":77,"column":3}},"type":"if","locations":[{"start":{"line":75,"column":2},"end":{"line":77,"column":3}},{"start":{"line":75,"column":2},"end":{"line":77,"column":3}}],"line":75},"17":{"loc":{"start":{"line":88,"column":2},"end":{"line":88,"column":71}},"type":"if","locations":[{"start":{"line":88,"column":2},"end":{"line":88,"column":71}},{"start":{"line":88,"column":2},"end":{"line":88,"column":71}}],"line":88},"18":{"loc":{"start":{"line":88,"column":6},"end":{"line":88,"column":35}},"type":"binary-expr","locations":[{"start":{"line":88,"column":6},"end":{"line":88,"column":12}},{"start":{"line":88,"column":16},"end":{"line":88,"column":35}}],"line":88},"19":{"loc":{"start":{"line":101,"column":2},"end":{"line":101,"column":26}},"type":"if","locations":[{"start":{"line":101,"column":2},"end":{"line":101,"column":26}},{"start":{"line":101,"column":2},"end":{"line":101,"column":26}}],"line":101},"20":{"loc":{"start":{"line":102,"column":2},"end":{"line":104,"column":3}},"type":"if","locations":[{"start":{"line":102,"column":2},"end":{"line":104,"column":3}},{"start":{"line":102,"column":2},"end":{"line":104,"column":3}}],"line":102},"21":{"loc":{"start":{"line":105,"column":2},"end":{"line":107,"column":3}},"type":"if","locations":[{"start":{"line":105,"column":2},"end":{"line":107,"column":3}},{"start":{"line":105,"column":2},"end":{"line":107,"column":3}}],"line":105}},"s":{"0":0,"1":0,"2":0,"3":0,"4":0,"5":0,"6":0,"7":0,"8":0,"9":0,"10":0,"11":0,"12":0,"13":0,"14":0,"15":0,"16":0,"17":0,"18":0,"19":0,"20":0,"21":0,"22":0,"23":0,"24":0,"25":0,"26":0,"27":0,"28":0,"29":0,"30":0,"31":0,"32":0,"33":0,"34":0,"35":0,"36":0,"37":0,"38":0,"39":0,"40":0,"41":0,"42":0,"43":0,"44":0,"45":0,"46":0,"47":0},"f":{"0":0,"1":0,"2":0,"3":0,"4":0,"5":0},"b":{"0":[0,0],"1":[0,0],"2":[0,0],"3":[0,0],"4":[0,0],"5":[0,0],"6":[0,0],"7":[0,0],"8":[0,0],"9":[0,0],"10":[0,0],"11":[0,0],"12":[0,0],"13":[0,0],"14":[0,0],"15":[0,0],"16":[0,0],"17":[0,0],"18":[0,0],"19":[0,0],"20":[0,0],"21":[0,0]},"hash":"b73d89e676d3c3fc87e67860e93b7b34978ab545"}
}
